#
# There is insufficient memory for the Java Runtime Environment to continue.
# Native memory allocation (malloc) failed to allocate 2357912 bytes. Error detail: Chunk::new
# Possible reasons:
#   The system is out of physical RAM or swap space
#   This process is running with CompressedOops enabled, and the Java Heap may be blocking the growth of the native heap
# Possible solutions:
#   Reduce memory load on the system
#   Increase physical memory or swap space
#   Check if swap backing store is full
#   Decrease Java heap size (-Xmx/-Xms)
#   Decrease number of Java threads
#   Decrease Java thread stack sizes (-Xss)
#   Set larger code cache with -XX:ReservedCodeCacheSize=
#   JVM is running with Unscaled Compressed Oops mode in which the Java heap is
#     placed in the first 4GB address space. The Java Heap base address is the
#     maximum limit for the native heap growth. Please use -XX:HeapBaseMinAddress
#     to set the Java Heap base and to place the Java Heap above 4GB virtual address.
# This output file may be truncated or incomplete.
#
#  Out of Memory Error (arena.cpp:186), pid=20356, tid=3300
#
# JRE version: Java(TM) SE Runtime Environment (25.0.1+8) (build 25.0.1+8-LTS-27)
# Java VM: Java HotSpot(TM) 64-Bit Server VM (25.0.1+8-LTS-27, mixed mode, sharing, tiered, compressed oops, compressed class ptrs, g1 gc, windows-amd64)
# No core dump will be written. Minidumps are not enabled by default on client versions of Windows
#

---------------  S U M M A R Y ------------

Command Line: -Dfile.encoding=UTF-8 -Duser.country=IN -Duser.language=en -Duser.variant com.PolluSense_Geo.PolluSenseGeoApplication

Host: 12th Gen Intel(R) Core(TM) i5-1235U, 12 cores, 7G,  Windows 11 , 64 bit Build 26100 (10.0.26100.7920)
Time: Thu Feb 26 22:02:17 2026 India Standard Time elapsed time: 8831.472890 seconds (0d 2h 27m 11s)

---------------  T H R E A D  ---------------

Current thread (0x0000020f78f76d20):  JavaThread "C2 CompilerThread0" daemon [_thread_in_native, id=3300, stack(0x0000004f9f300000,0x0000004f9f400000) (1024K)]


Current CompileTask:
C2:8831473 15630       4       ch.qos.logback.classic.spi.LoggingEvent::getFormattedMessage (82 bytes)

Stack: [0x0000004f9f300000,0x0000004f9f400000]
Native frames: (J=compiled Java code, j=interpreted, Vv=VM code, C=native code)
V  [jvm.dll+0x7a6b59]  (no source info available)
V  [jvm.dll+0x77290d]  (no source info available)
V  [jvm.dll+0x966153]  (no source info available)
V  [jvm.dll+0x968751]  (no source info available)
V  [jvm.dll+0x968e53]  (no source info available)
V  [jvm.dll+0x2fc756]  (no source info available)
V  [jvm.dll+0x111b26]  (no source info available)
V  [jvm.dll+0x111e4e]  (no source info available)
V  [jvm.dll+0x1a0a22]  (no source info available)
V  [jvm.dll+0x3b53c2]  (no source info available)
V  [jvm.dll+0x7ac4ef]  (no source info available)
V  [jvm.dll+0x2c0ac7]  (no source info available)
V  [jvm.dll+0x2bfa8f]  (no source info available)
V  [jvm.dll+0x237b60]  (no source info available)
V  [jvm.dll+0x2cfb56]  (no source info available)
V  [jvm.dll+0x2cddd5]  (no source info available)
V  [jvm.dll+0x48e6d1]  (no source info available)
V  [jvm.dll+0x906a0d]  (no source info available)
V  [jvm.dll+0x7a5135]  (no source info available)
C  [ucrtbase.dll+0x37b0]  (no source info available)
C  [KERNEL32.DLL+0x2e8d7]  (no source info available)
C  [ntdll.dll+0x8c48c]  (no source info available)

Lock stack of current Java thread (top to bottom):


---------------  P R O C E S S  ---------------

Threads class SMR info:
_java_thread_list=0x0000020f02c0fef0, length=28, elements={
0x0000020f78f62570, 0x0000020f78f62fd0, 0x0000020f78f66060, 0x0000020f78f67980,
0x0000020f78f69c30, 0x0000020f78f6a3f0, 0x0000020f78f76d20, 0x0000020f78f81250,
0x0000020f79392f90, 0x0000020f79394be0, 0x0000020f78f72c10, 0x0000020f012b7690,
0x0000020f012b3fe0, 0x0000020f012b6ec0, 0x0000020f012b4f80, 0x0000020f0189cef0,
0x0000020f01899840, 0x0000020f0189de90, 0x0000020f0189fdd0, 0x0000020f0189ee30,
0x0000020f018a05a0, 0x0000020f795ce960, 0x0000020f795cb2b0, 0x0000020f795ce190,
0x0000020f795cf130, 0x0000020f795cd9c0, 0x0000020f795d1840, 0x0000020f01f67a00
}

Java Threads: ( => current thread )
  0x0000020f78f62570 JavaThread "Reference Handler"          daemon [_thread_blocked, id=22292, stack(0x0000004f9ed00000,0x0000004f9ee00000) (1024K)]
  0x0000020f78f62fd0 JavaThread "Finalizer"                  daemon [_thread_blocked, id=18284, stack(0x0000004f9ee00000,0x0000004f9ef00000) (1024K)]
  0x0000020f78f66060 JavaThread "Signal Dispatcher"          daemon [_thread_blocked, id=2876, stack(0x0000004f9ef00000,0x0000004f9f000000) (1024K)]
  0x0000020f78f67980 JavaThread "Attach Listener"            daemon [_thread_blocked, id=3268, stack(0x0000004f9f000000,0x0000004f9f100000) (1024K)]
  0x0000020f78f69c30 JavaThread "Service Thread"             daemon [_thread_blocked, id=9844, stack(0x0000004f9f100000,0x0000004f9f200000) (1024K)]
  0x0000020f78f6a3f0 JavaThread "Monitor Deflation Thread"   daemon [_thread_blocked, id=23564, stack(0x0000004f9f200000,0x0000004f9f300000) (1024K)]
=>0x0000020f78f76d20 JavaThread "C2 CompilerThread0"         daemon [_thread_in_native, id=3300, stack(0x0000004f9f300000,0x0000004f9f400000) (1024K)]
  0x0000020f78f81250 JavaThread "C1 CompilerThread0"         daemon [_thread_blocked, id=4648, stack(0x0000004f9f400000,0x0000004f9f500000) (1024K)]
  0x0000020f79392f90 JavaThread "Notification Thread"        daemon [_thread_blocked, id=17844, stack(0x0000004f9f500000,0x0000004f9f600000) (1024K)]
  0x0000020f79394be0 JavaThread "Common-Cleaner"             daemon [_thread_blocked, id=22724, stack(0x0000004f9f600000,0x0000004f9f700000) (1024K)]
  0x0000020f78f72c10 JavaThread "Catalina-utility-1"                [_thread_blocked, id=21244, stack(0x0000004f9f800000,0x0000004f9f900000) (1024K)]
  0x0000020f012b7690 JavaThread "Catalina-utility-2"                [_thread_blocked, id=22212, stack(0x0000004fa0500000,0x0000004fa0600000) (1024K)]
  0x0000020f012b3fe0 JavaThread "container-0"                       [_thread_blocked, id=24512, stack(0x0000004fa0600000,0x0000004fa0700000) (1024K)]
  0x0000020f012b6ec0 JavaThread "Cleaner-0"                  daemon [_thread_blocked, id=23532, stack(0x0000004fa0800000,0x0000004fa0900000) (1024K)]
  0x0000020f012b4f80 JavaThread "HikariPool-1:housekeeper"   daemon [_thread_blocked, id=21180, stack(0x0000004fa0900000,0x0000004fa0a00000) (1024K)]
  0x0000020f0189cef0 JavaThread "http-nio-8080-exec-1"       daemon [_thread_blocked, id=18712, stack(0x0000004fa0b00000,0x0000004fa0c00000) (1024K)]
  0x0000020f01899840 JavaThread "http-nio-8080-exec-2"       daemon [_thread_blocked, id=24248, stack(0x0000004fa0c00000,0x0000004fa0d00000) (1024K)]
  0x0000020f0189de90 JavaThread "http-nio-8080-exec-3"       daemon [_thread_blocked, id=3120, stack(0x0000004fa0d00000,0x0000004fa0e00000) (1024K)]
  0x0000020f0189fdd0 JavaThread "http-nio-8080-exec-4"       daemon [_thread_blocked, id=22360, stack(0x0000004fa0e00000,0x0000004fa0f00000) (1024K)]
  0x0000020f0189ee30 JavaThread "http-nio-8080-exec-5"       daemon [_thread_blocked, id=21196, stack(0x0000004fa0f00000,0x0000004fa1000000) (1024K)]
  0x0000020f018a05a0 JavaThread "http-nio-8080-exec-6"       daemon [_thread_blocked, id=20448, stack(0x0000004fa1000000,0x0000004fa1100000) (1024K)]
  0x0000020f795ce960 JavaThread "http-nio-8080-exec-7"       daemon [_thread_blocked, id=16484, stack(0x0000004fa1100000,0x0000004fa1200000) (1024K)]
  0x0000020f795cb2b0 JavaThread "http-nio-8080-exec-8"       daemon [_thread_blocked, id=22608, stack(0x0000004fa1200000,0x0000004fa1300000) (1024K)]
  0x0000020f795ce190 JavaThread "http-nio-8080-exec-9"       daemon [_thread_blocked, id=22832, stack(0x0000004fa1300000,0x0000004fa1400000) (1024K)]
  0x0000020f795cf130 JavaThread "http-nio-8080-exec-10"      daemon [_thread_blocked, id=8728, stack(0x0000004fa1400000,0x0000004fa1500000) (1024K)]
  0x0000020f795cd9c0 JavaThread "http-nio-8080-Poller"       daemon [_thread_in_native, id=21296, stack(0x0000004fa1500000,0x0000004fa1600000) (1024K)]
  0x0000020f795d1840 JavaThread "http-nio-8080-Acceptor"     daemon [_thread_in_native, id=24520, stack(0x0000004fa1600000,0x0000004fa1700000) (1024K)]
  0x0000020f01f67a00 JavaThread "DestroyJavaVM"                     [_thread_blocked, id=3984, stack(0x0000004f9e500000,0x0000004f9e600000) (1024K)]
Total: 28

Other Threads:
  0x0000020f78f4ab70 VMThread "VM Thread"                           [id=8812, stack(0x0000004f9ec00000,0x0000004f9ed00000) (1024K)]
  0x0000020f78f3a990 WatcherThread "VM Periodic Task Thread"        [id=20720, stack(0x0000004f9eb00000,0x0000004f9ec00000) (1024K)]
  0x0000020f5c277640 WorkerThread "GC Thread#0"                     [id=14404, stack(0x0000004f9e600000,0x0000004f9e700000) (1024K)]
  0x0000020f7ef6a010 WorkerThread "GC Thread#1"                     [id=18980, stack(0x0000004f9f900000,0x0000004f9fa00000) (1024K)]
  0x0000020f7f331520 WorkerThread "GC Thread#2"                     [id=24376, stack(0x0000004f9fa00000,0x0000004f9fb00000) (1024K)]
  0x0000020f7ef76590 WorkerThread "GC Thread#3"                     [id=16884, stack(0x0000004f9fb00000,0x0000004f9fc00000) (1024K)]
  0x0000020f7efc49f0 WorkerThread "GC Thread#4"                     [id=16092, stack(0x0000004f9fc00000,0x0000004f9fd00000) (1024K)]
  0x0000020f7efc70c0 WorkerThread "GC Thread#5"                     [id=10496, stack(0x0000004f9fd00000,0x0000004f9fe00000) (1024K)]
  0x0000020f7efc4e40 WorkerThread "GC Thread#6"                     [id=21800, stack(0x0000004f9fe00000,0x0000004f9ff00000) (1024K)]
  0x0000020f7efc5290 WorkerThread "GC Thread#7"                     [id=23736, stack(0x0000004f9ff00000,0x0000004fa0000000) (1024K)]
  0x0000020f7efc56e0 WorkerThread "GC Thread#8"                     [id=3616, stack(0x0000004fa0000000,0x0000004fa0100000) (1024K)]
  0x0000020f7efc6c70 WorkerThread "GC Thread#9"                     [id=3608, stack(0x0000004fa0100000,0x0000004fa0200000) (1024K)]
  0x0000020f5c28f7b0 ConcurrentGCThread "G1 Main Marker"            [id=20948, stack(0x0000004f9e700000,0x0000004f9e800000) (1024K)]
  0x0000020f5c293150 WorkerThread "G1 Conc#0"                       [id=13684, stack(0x0000004f9e800000,0x0000004f9e900000) (1024K)]
  0x0000020f7efc5b30 WorkerThread "G1 Conc#1"                       [id=21992, stack(0x0000004fa0200000,0x0000004fa0300000) (1024K)]
  0x0000020f7efc5f80 WorkerThread "G1 Conc#2"                       [id=24268, stack(0x0000004fa0300000,0x0000004fa0400000) (1024K)]
  0x0000020f78e07030 ConcurrentGCThread "G1 Refine#0"               [id=21092, stack(0x0000004f9e900000,0x0000004f9ea00000) (1024K)]
  0x0000020f78e07640 ConcurrentGCThread "G1 Service"                [id=24128, stack(0x0000004f9ea00000,0x0000004f9eb00000) (1024K)]
Total: 18

Threads with active compile tasks:
C2 CompilerThread0  8831575 15630       4       ch.qos.logback.classic.spi.LoggingEvent::getFormattedMessage (82 bytes)
Total: 1

VM state: not at safepoint (normal execution)

VM Mutex/Monitor currently owned by a thread: None

Heap address: 0x0000000085200000, size: 1966 MB, Compressed Oops mode: 32-bit

CDS archive(s) mapped at: [0x0000000027000000-0x0000000027dd0000-0x0000000027dd0000), size 14483456, SharedBaseAddress: 0x0000000027000000, ArchiveRelocationMode: 1.
Compressed class space mapped at: 0x0000000028000000-0x0000000068000000, reserved size: 1073741824
UseCompressedClassPointers 1, UseCompactObjectHeaders 0
Narrow klass pointer bits 32, Max shift 3
Narrow klass base: 0x0000000027000000, Narrow klass shift: 0
Encoding Range: [0x0000000027000000 - 0x0000000127000000), (4294967296 bytes)
Klass Range:    [0x0000000027010000 - 0x0000000068000000), (1090453504 bytes)
Klass ID Range:  [65536 - 1090519033) (1090453497)
Protection zone: [0x0000000027000000 - 0x0000000027010000), (65536 bytes)

GC Precious Log:
 CardTable entry size: 512
 Card Set container configuration: InlinePtr #cards 5 size 8 Array Of Cards #cards 10 size 36 Howl #buckets 4 coarsen threshold 1843 Howl Bitmap #cards 512 size 80 coarsen threshold 460 Card regions per heap region 1 cards per card region 2048
 CPUs: 12 total, 12 available
 Memory: 7863M
 Large Page Support: Disabled
 NUMA Support: Disabled
 Compressed Oops: Enabled (32-bit)
 Heap Region Size: 1M
 Heap Min Capacity: 8M
 Heap Initial Capacity: 124M
 Heap Max Capacity: 1966M
 Pre-touch: Disabled
 Parallel Workers: 10
 Concurrent Workers: 3
 Concurrent Refinement Workers: 10
 Periodic GC: Disabled

Heap:
 garbage-first heap   total reserved 2013184K, committed 79872K, used 54174K [0x0000000085200000, 0x0000000100000000)
  region size 1024K, 24 young (24576K), 3 survivors (3072K)

Heap Regions: E=young(eden), S=young(survivor), O=old, HS=humongous(starts), HC=humongous(continues), CS=collection set, F=free, TAMS=top-at-mark-start, PB=parsable bottom
|   0|0x0000000085200000, 0x0000000085300000, 0x0000000085300000|100%|HS|  |TAMS 0x0000000085200000| PB 0x0000000085200000| Complete |  0
|   1|0x0000000085300000, 0x0000000085400000, 0x0000000085400000|100%|HS|  |TAMS 0x0000000085300000| PB 0x0000000085300000| Complete |  0
|   2|0x0000000085400000, 0x0000000085500000, 0x0000000085500000|100%| O|  |TAMS 0x0000000085400000| PB 0x0000000085400000| Untracked |  0
|   3|0x0000000085500000, 0x0000000085600000, 0x0000000085600000|100%| O|  |TAMS 0x0000000085500000| PB 0x0000000085500000| Untracked |  0
|   4|0x0000000085600000, 0x0000000085700000, 0x0000000085700000|100%| O|  |TAMS 0x0000000085600000| PB 0x0000000085600000| Untracked |  0
|   5|0x0000000085700000, 0x0000000085800000, 0x0000000085800000|100%| O|  |TAMS 0x0000000085700000| PB 0x0000000085700000| Untracked |  0
|   6|0x0000000085800000, 0x0000000085900000, 0x0000000085900000|100%| O|  |TAMS 0x0000000085800000| PB 0x0000000085800000| Untracked |  0
|   7|0x0000000085900000, 0x0000000085a00000, 0x0000000085a00000|100%| O|  |TAMS 0x0000000085900000| PB 0x0000000085900000| Untracked |  0
|   8|0x0000000085a00000, 0x0000000085b00000, 0x0000000085b00000|100%| O|  |TAMS 0x0000000085a00000| PB 0x0000000085a00000| Untracked |  0
|   9|0x0000000085b00000, 0x0000000085c00000, 0x0000000085c00000|100%| O|  |TAMS 0x0000000085b00000| PB 0x0000000085b00000| Untracked |  0
|  10|0x0000000085c00000, 0x0000000085d00000, 0x0000000085d00000|100%| O|  |TAMS 0x0000000085c00000| PB 0x0000000085c00000| Untracked |  0
|  11|0x0000000085d00000, 0x0000000085e00000, 0x0000000085e00000|100%| O|  |TAMS 0x0000000085d00000| PB 0x0000000085d00000| Untracked |  0
|  12|0x0000000085e00000, 0x0000000085f00000, 0x0000000085f00000|100%| O|  |TAMS 0x0000000085e00000| PB 0x0000000085e00000| Untracked |  0
|  13|0x0000000085f00000, 0x0000000086000000, 0x0000000086000000|100%| O|  |TAMS 0x0000000085f00000| PB 0x0000000085f00000| Untracked |  0
|  14|0x0000000086000000, 0x0000000086000000, 0x0000000086100000|  0%| F|  |TAMS 0x0000000086000000| PB 0x0000000086000000| Untracked |  0
|  15|0x0000000086100000, 0x0000000086200000, 0x0000000086200000|100%| O|  |TAMS 0x0000000086100000| PB 0x0000000086100000| Untracked |  0
|  16|0x0000000086200000, 0x0000000086300000, 0x0000000086300000|100%| O|  |TAMS 0x0000000086200000| PB 0x0000000086200000| Untracked |  0
|  17|0x0000000086300000, 0x0000000086300000, 0x0000000086400000|  0%| F|  |TAMS 0x0000000086300000| PB 0x0000000086300000| Untracked |  0
|  18|0x0000000086400000, 0x0000000086400000, 0x0000000086500000|  0%| F|  |TAMS 0x0000000086400000| PB 0x0000000086400000| Untracked |  0
|  19|0x0000000086500000, 0x0000000086500000, 0x0000000086600000|  0%| F|  |TAMS 0x0000000086500000| PB 0x0000000086500000| Untracked |  0
|  20|0x0000000086600000, 0x0000000086700000, 0x0000000086700000|100%| O|  |TAMS 0x0000000086600000| PB 0x0000000086600000| Untracked |  0
|  21|0x0000000086700000, 0x0000000086700000, 0x0000000086800000|  0%| F|  |TAMS 0x0000000086700000| PB 0x0000000086700000| Untracked |  0
|  22|0x0000000086800000, 0x0000000086800000, 0x0000000086900000|  0%| F|  |TAMS 0x0000000086800000| PB 0x0000000086800000| Untracked |  0
|  23|0x0000000086900000, 0x0000000086900000, 0x0000000086a00000|  0%| F|  |TAMS 0x0000000086900000| PB 0x0000000086900000| Untracked |  0
|  24|0x0000000086a00000, 0x0000000086b00000, 0x0000000086b00000|100%| O|  |TAMS 0x0000000086a00000| PB 0x0000000086a00000| Untracked |  0
|  25|0x0000000086b00000, 0x0000000086c00000, 0x0000000086c00000|100%| O|  |TAMS 0x0000000086b00000| PB 0x0000000086b00000| Untracked |  0
|  26|0x0000000086c00000, 0x0000000086d00000, 0x0000000086d00000|100%| O|  |TAMS 0x0000000086c00000| PB 0x0000000086c00000| Untracked |  0
|  27|0x0000000086d00000, 0x0000000086d00000, 0x0000000086e00000|  0%| F|  |TAMS 0x0000000086d00000| PB 0x0000000086d00000| Untracked |  0
|  28|0x0000000086e00000, 0x0000000086f00000, 0x0000000086f00000|100%| O|  |TAMS 0x0000000086e00000| PB 0x0000000086e00000| Untracked |  0
|  29|0x0000000086f00000, 0x0000000087000000, 0x0000000087000000|100%| O|  |TAMS 0x0000000086f00000| PB 0x0000000086f00000| Untracked |  0
|  30|0x0000000087000000, 0x0000000087100000, 0x0000000087100000|100%| O|  |TAMS 0x0000000087000000| PB 0x0000000087000000| Untracked |  0
|  31|0x0000000087100000, 0x0000000087200000, 0x0000000087200000|100%| O|  |TAMS 0x0000000087100000| PB 0x0000000087100000| Untracked |  0
|  32|0x0000000087200000, 0x0000000087300000, 0x0000000087300000|100%| O|  |TAMS 0x0000000087200000| PB 0x0000000087200000| Untracked |  0
|  33|0x0000000087300000, 0x0000000087300000, 0x0000000087400000|  0%| F|  |TAMS 0x0000000087300000| PB 0x0000000087300000| Untracked |  0
|  34|0x0000000087400000, 0x0000000087400000, 0x0000000087500000|  0%| F|  |TAMS 0x0000000087400000| PB 0x0000000087400000| Untracked |  0
|  35|0x0000000087500000, 0x0000000087500000, 0x0000000087600000|  0%| F|  |TAMS 0x0000000087500000| PB 0x0000000087500000| Untracked |  0
|  36|0x0000000087600000, 0x0000000087600000, 0x0000000087700000|  0%| F|  |TAMS 0x0000000087600000| PB 0x0000000087600000| Untracked |  0
|  37|0x0000000087700000, 0x0000000087800000, 0x0000000087800000|100%| S|CS|TAMS 0x0000000087700000| PB 0x0000000087700000| Complete |  0
|  38|0x0000000087800000, 0x0000000087900000, 0x0000000087900000|100%| S|CS|TAMS 0x0000000087800000| PB 0x0000000087800000| Complete |  0
|  39|0x0000000087900000, 0x0000000087900000, 0x0000000087a00000|  0%| F|  |TAMS 0x0000000087900000| PB 0x0000000087900000| Untracked |  0
|  40|0x0000000087a00000, 0x0000000087a00000, 0x0000000087b00000|  0%| F|  |TAMS 0x0000000087a00000| PB 0x0000000087a00000| Untracked |  0
|  41|0x0000000087b00000, 0x0000000087b00000, 0x0000000087c00000|  0%| F|  |TAMS 0x0000000087b00000| PB 0x0000000087b00000| Untracked |  0
|  42|0x0000000087c00000, 0x0000000087c00000, 0x0000000087d00000|  0%| F|  |TAMS 0x0000000087c00000| PB 0x0000000087c00000| Untracked |  0
|  43|0x0000000087d00000, 0x0000000087d00000, 0x0000000087e00000|  0%| F|  |TAMS 0x0000000087d00000| PB 0x0000000087d00000| Untracked |  0
|  44|0x0000000087e00000, 0x0000000087e00000, 0x0000000087f00000|  0%| F|  |TAMS 0x0000000087e00000| PB 0x0000000087e00000| Untracked |  0
|  45|0x0000000087f00000, 0x0000000087f00000, 0x0000000088000000|  0%| F|  |TAMS 0x0000000087f00000| PB 0x0000000087f00000| Untracked |  0
|  46|0x0000000088000000, 0x0000000088000000, 0x0000000088100000|  0%| F|  |TAMS 0x0000000088000000| PB 0x0000000088000000| Untracked |  0
|  47|0x0000000088100000, 0x0000000088100000, 0x0000000088200000|  0%| F|  |TAMS 0x0000000088100000| PB 0x0000000088100000| Untracked |  0
|  48|0x0000000088200000, 0x0000000088200000, 0x0000000088300000|  0%| F|  |TAMS 0x0000000088200000| PB 0x0000000088200000| Untracked |  0
|  49|0x0000000088300000, 0x0000000088300000, 0x0000000088400000|  0%| F|  |TAMS 0x0000000088300000| PB 0x0000000088300000| Untracked |  0
|  50|0x0000000088400000, 0x0000000088430840, 0x0000000088500000| 18%| E|  |TAMS 0x0000000088400000| PB 0x0000000088400000| Complete |  0
|  51|0x0000000088500000, 0x0000000088600000, 0x0000000088600000|100%| E|CS|TAMS 0x0000000088500000| PB 0x0000000088500000| Complete |  0
|  52|0x0000000088600000, 0x0000000088700000, 0x0000000088700000|100%| E|CS|TAMS 0x0000000088600000| PB 0x0000000088600000| Complete |  0
|  53|0x0000000088700000, 0x0000000088800000, 0x0000000088800000|100%| E|CS|TAMS 0x0000000088700000| PB 0x0000000088700000| Complete |  0
|  54|0x0000000088800000, 0x0000000088900000, 0x0000000088900000|100%| E|CS|TAMS 0x0000000088800000| PB 0x0000000088800000| Complete |  0
|  55|0x0000000088900000, 0x0000000088a00000, 0x0000000088a00000|100%| E|CS|TAMS 0x0000000088900000| PB 0x0000000088900000| Complete |  0
|  56|0x0000000088a00000, 0x0000000088b00000, 0x0000000088b00000|100%| E|CS|TAMS 0x0000000088a00000| PB 0x0000000088a00000| Complete |  0
|  57|0x0000000088b00000, 0x0000000088c00000, 0x0000000088c00000|100%| E|CS|TAMS 0x0000000088b00000| PB 0x0000000088b00000| Complete |  0
|  58|0x0000000088c00000, 0x0000000088d00000, 0x0000000088d00000|100%| E|CS|TAMS 0x0000000088c00000| PB 0x0000000088c00000| Complete |  0
|  59|0x0000000088d00000, 0x0000000088e00000, 0x0000000088e00000|100%| E|CS|TAMS 0x0000000088d00000| PB 0x0000000088d00000| Complete |  0
|  60|0x0000000088e00000, 0x0000000088f00000, 0x0000000088f00000|100%| E|CS|TAMS 0x0000000088e00000| PB 0x0000000088e00000| Complete |  0
|  61|0x0000000088f00000, 0x0000000089000000, 0x0000000089000000|100%| E|CS|TAMS 0x0000000088f00000| PB 0x0000000088f00000| Complete |  0
|  62|0x0000000089000000, 0x0000000089100000, 0x0000000089100000|100%| E|CS|TAMS 0x0000000089000000| PB 0x0000000089000000| Complete |  0
|  63|0x0000000089100000, 0x0000000089200000, 0x0000000089200000|100%| E|CS|TAMS 0x0000000089100000| PB 0x0000000089100000| Complete |  0
|  64|0x0000000089200000, 0x0000000089250250, 0x0000000089300000| 31%| S|CS|TAMS 0x0000000089200000| PB 0x0000000089200000| Complete |  0
|  85|0x000000008a700000, 0x000000008a800000, 0x000000008a800000|100%| E|CS|TAMS 0x000000008a700000| PB 0x000000008a700000| Complete |  0
|  86|0x000000008a800000, 0x000000008a900000, 0x000000008a900000|100%| E|CS|TAMS 0x000000008a800000| PB 0x000000008a800000| Complete |  0
|  87|0x000000008a900000, 0x000000008aa00000, 0x000000008aa00000|100%| E|CS|TAMS 0x000000008a900000| PB 0x000000008a900000| Complete |  0
|  88|0x000000008aa00000, 0x000000008ab00000, 0x000000008ab00000|100%| E|CS|TAMS 0x000000008aa00000| PB 0x000000008aa00000| Complete |  0
| 123|0x000000008cd00000, 0x000000008ce00000, 0x000000008ce00000|100%| E|CS|TAMS 0x000000008cd00000| PB 0x000000008cd00000| Complete |  0
|1958|0x00000000ff800000, 0x00000000ff897800, 0x00000000ff900000| 59%| O|  |TAMS 0x00000000ff800000| PB 0x00000000ff800000| Untracked |  0
|1959|0x00000000ff900000, 0x00000000ffa00000, 0x00000000ffa00000|100%| O|  |TAMS 0x00000000ff900000| PB 0x00000000ff900000| Untracked |  0
|1960|0x00000000ffa00000, 0x00000000ffb00000, 0x00000000ffb00000|100%| O|  |TAMS 0x00000000ffa00000| PB 0x00000000ffa00000| Untracked |  0
|1961|0x00000000ffb00000, 0x00000000ffc00000, 0x00000000ffc00000|100%| O|  |TAMS 0x00000000ffb00000| PB 0x00000000ffb00000| Untracked |  0
|1962|0x00000000ffc00000, 0x00000000ffd00000, 0x00000000ffd00000|100%| O|  |TAMS 0x00000000ffc00000| PB 0x00000000ffc00000| Untracked |  0
|1963|0x00000000ffd00000, 0x00000000ffe00000, 0x00000000ffe00000|100%| E|CS|TAMS 0x00000000ffd00000| PB 0x00000000ffd00000| Complete |  0
|1964|0x00000000ffe00000, 0x00000000fff00000, 0x00000000fff00000|100%| O|  |TAMS 0x00000000ffe00000| PB 0x00000000ffe00000| Untracked |  0
|1965|0x00000000fff00000, 0x0000000100000000, 0x0000000100000000|100%| E|CS|TAMS 0x00000000fff00000| PB 0x00000000fff00000| Complete |  0

Card table byte_map: [0x0000020f743c0000,0x0000020f747a0000] _byte_map_base: 0x0000020f73f97000

Marking Bits: (CMBitMap*) 0x0000020f5c277dd0
 Bits: [0x0000020f747a0000, 0x0000020f76658000)

Polling page: 0x0000020f5a480000

Metaspace:
Metaspace        used 83973K, committed 84544K, reserved 1179648K
 class space     used 9405K, committed 9728K, reserved 1048576K

Usage:
  Non-class:     72.82 MB used.
      Class:      9.19 MB used.
       Both:     82.01 MB used.

Virtual space:
  Non-class space:      128.00 MB reserved,      73.06 MB ( 57%) committed,  2 nodes.
      Class space:        1.00 GB reserved,       9.50 MB ( <1%) committed,  1 nodes.
             Both:        1.12 GB reserved,      82.56 MB (  7%) committed. 

Chunk freelists:
   Non-Class:  6.38 MB
       Class:  6.50 MB
        Both:  12.87 MB

MaxMetaspaceSize: unlimited
CompressedClassSpaceSize: 1.00 GB
Initial GC threshold: 21.00 MB
Current GC threshold: 136.69 MB
CDS: on
 - commit_granule_bytes: 65536.
 - commit_granule_words: 8192.
 - virtual_space_node_default_size: 8388608.
 - enlarge_chunks_in_place: 1.
UseCompressedClassPointers 1, UseCompactObjectHeaders 0
Narrow klass pointer bits 32, Max shift 3
Narrow klass base: 0x0000000027000000, Narrow klass shift: 0
Encoding Range: [0x0000000027000000 - 0x0000000127000000), (4294967296 bytes)
Klass Range:    [0x0000000027010000 - 0x0000000068000000), (1090453504 bytes)
Klass ID Range:  [65536 - 1090519033) (1090453497)
Protection zone: [0x0000000027000000 - 0x0000000027010000), (65536 bytes)


Internal statistics:

num_allocs_failed_limit: 11.
num_arena_births: 812.
num_arena_deaths: 184.
num_vsnodes_births: 3.
num_vsnodes_deaths: 0.
num_space_committed: 1321.
num_space_uncommitted: 0.
num_chunks_returned_to_freelist: 198.
num_chunks_taken_from_freelist: 3910.
num_chunk_merges: 55.
num_chunk_splits: 2879.
num_chunks_enlarged: 2390.
num_inconsistent_stats: 0.

CodeHeap 'non-profiled nmethods': size=120064Kb used=4491Kb max_used=4523Kb free=115572Kb
 bounds [0x0000020f6c550000, 0x0000020f6c9d0000, 0x0000020f73a90000]
CodeHeap 'profiled nmethods': size=120000Kb used=15574Kb max_used=16049Kb free=104425Kb
 bounds [0x0000020f64a90000, 0x0000020f65a40000, 0x0000020f6bfc0000]
CodeHeap 'non-nmethods': size=5696Kb used=1635Kb max_used=1733Kb free=4060Kb
 bounds [0x0000020f6bfc0000, 0x0000020f6c230000, 0x0000020f6c550000]
CodeCache: size=245760Kb, used=21700Kb, max_used=22305Kb, free=224057Kb
 total_blobs=10320, nmethods=9565, adapters=657, full_count=0
Compilation: enabled, stopped_count=0, restarted_count=0

Compilation events (20 events):
Event: 8763.850 Thread 0x0000020f78f76d20 nmethod 15620% 0x0000020f6c7b7588 code [0x0000020f6c7b7680, 0x0000020f6c7b9cd8]
Event: 8773.630 Thread 0x0000020f78f76d20 15621       4       tools.jackson.databind.ser.BeanSerializer::serialize (108 bytes)
Event: 8773.684 Thread 0x0000020f78f76d20 nmethod 15621 0x0000020f6c9c6708 code [0x0000020f6c9c6800, 0x0000020f6c9c7f48]
Event: 8777.192 Thread 0x0000020f78f76d20 15622       4       java.lang.Math::addExact (32 bytes)
Event: 8777.196 Thread 0x0000020f78f76d20 nmethod 15622 0x0000020f6c629388 code [0x0000020f6c629480, 0x0000020f6c629518]
Event: 8783.693 Thread 0x0000020f78f76d20 15623       4       java.util.LinkedHashMap::sequencedValues (31 bytes)
Event: 8783.703 Thread 0x0000020f78f76d20 nmethod 15623 0x0000020f6c628d88 code [0x0000020f6c628e80, 0x0000020f6c6290a0]
Event: 8787.273 Thread 0x0000020f78f76d20 15624       4       org.springframework.util.ObjectUtils::isEmpty (15 bytes)
Event: 8787.275 Thread 0x0000020f78f76d20 nmethod 15624 0x0000020f6c66ef88 code [0x0000020f6c66f080, 0x0000020f6c66f100]
Event: 8793.619 Thread 0x0000020f78f81250 15625       3       tools.jackson.databind.type.TypeBindings::create (71 bytes)
Event: 8793.631 Thread 0x0000020f78f81250 nmethod 15625 0x0000020f64bc6888 code [0x0000020f64bc6980, 0x0000020f64bc7368]
Event: 8803.601 Thread 0x0000020f78f81250 15626       3       org.springframework.core.convert.TypeDescriptor$$Lambda/0x00000000282b39e0::<init> (10 bytes)
Event: 8803.607 Thread 0x0000020f78f81250 nmethod 15626 0x0000020f65181088 code [0x0000020f65181180, 0x0000020f65181330]
Event: 8807.440 Thread 0x0000020f78f81250 15627       3       java.lang.Class::getInterfaces (6 bytes)
Event: 8807.442 Thread 0x0000020f78f81250 nmethod 15627 0x0000020f65199108 code [0x0000020f65199200, 0x0000020f65199338]
Event: 8813.605 Thread 0x0000020f78f81250 15628       3       org.springframework.core.convert.TypeDescriptor$$Lambda/0x00000000282b39e0::get (8 bytes)
Event: 8813.619 Thread 0x0000020f78f81250 nmethod 15628 0x0000020f64dc8988 code [0x0000020f64dc8a80, 0x0000020f64dc9420]
Event: 8813.619 Thread 0x0000020f78f81250 15629       3       org.springframework.core.convert.TypeDescriptor::lambda$new$30493541$1 (23 bytes)
Event: 8813.620 Thread 0x0000020f78f81250 nmethod 15629 0x0000020f64da2588 code [0x0000020f64da2680, 0x0000020f64da2fa0]
Event: 8830.372 Thread 0x0000020f78f76d20 15630       4       ch.qos.logback.classic.spi.LoggingEvent::getFormattedMessage (82 bytes)

GC Heap Usage History (20 events):
Event: 4.815 {heap Before GC invocations=13 (full 0):
 garbage-first heap   total reserved 2013184K, committed 59392K, used 52034K [0x0000000085200000, 0x0000000100000000)
  region size 1024K, 26 young (26624K), 4 survivors (4096K)
}
Event: 4.819 {heap After GC invocations=14 (full 0):
 garbage-first heap   total reserved 2013184K, committed 59392K, used 31272K [0x0000000085200000, 0x0000000100000000)
  region size 1024K, 4 young (4096K), 4 survivors (4096K)
}
Event: 4.872 {heap Before GC invocations=14 (full 0):
 garbage-first heap   total reserved 2013184K, committed 59392K, used 52776K [0x0000000085200000, 0x0000000100000000)
  region size 1024K, 25 young (25600K), 4 survivors (4096K)
}
Event: 4.875 {heap After GC invocations=15 (full 0):
 garbage-first heap   total reserved 2013184K, committed 61440K, used 34556K [0x0000000085200000, 0x0000000100000000)
  region size 1024K, 4 young (4096K), 4 survivors (4096K)
}
Event: 4.996 {heap Before GC invocations=16 (full 0):
 garbage-first heap   total reserved 2013184K, committed 61440K, used 52988K [0x0000000085200000, 0x0000000100000000)
  region size 1024K, 23 young (23552K), 4 survivors (4096K)
}
Event: 5.000 {heap After GC invocations=17 (full 0):
 garbage-first heap   total reserved 2013184K, committed 61440K, used 37326K [0x0000000085200000, 0x0000000100000000)
  region size 1024K, 3 young (3072K), 3 survivors (3072K)
}
Event: 5.182 {heap Before GC invocations=17 (full 0):
 garbage-first heap   total reserved 2013184K, committed 61440K, used 54734K [0x0000000085200000, 0x0000000100000000)
  region size 1024K, 20 young (20480K), 3 survivors (3072K)
}
Event: 5.185 {heap After GC invocations=18 (full 0):
 garbage-first heap   total reserved 2013184K, committed 73728K, used 36464K [0x0000000085200000, 0x0000000100000000)
  region size 1024K, 1 young (1024K), 1 survivors (1024K)
}
Event: 180.626 {heap Before GC invocations=18 (full 0):
 garbage-first heap   total reserved 2013184K, committed 73728K, used 63088K [0x0000000085200000, 0x0000000100000000)
  region size 1024K, 27 young (27648K), 1 survivors (1024K)
}
Event: 180.647 {heap After GC invocations=19 (full 0):
 garbage-first heap   total reserved 2013184K, committed 73728K, used 38581K [0x0000000085200000, 0x0000000100000000)
  region size 1024K, 3 young (3072K), 3 survivors (3072K)
}
Event: 469.956 {heap Before GC invocations=20 (full 0):
 garbage-first heap   total reserved 2013184K, committed 73728K, used 64181K [0x0000000085200000, 0x0000000100000000)
  region size 1024K, 29 young (29696K), 3 survivors (3072K)
}
Event: 469.978 {heap After GC invocations=21 (full 0):
 garbage-first heap   total reserved 2013184K, committed 73728K, used 40067K [0x0000000085200000, 0x0000000100000000)
  region size 1024K, 4 young (4096K), 4 survivors (4096K)
}
Event: 2351.454 {heap Before GC invocations=21 (full 0):
 garbage-first heap   total reserved 2013184K, committed 73728K, used 64643K [0x0000000085200000, 0x0000000100000000)
  region size 1024K, 29 young (29696K), 4 survivors (4096K)
}
Event: 2351.529 {heap After GC invocations=22 (full 0):
 garbage-first heap   total reserved 2013184K, committed 73728K, used 38037K [0x0000000085200000, 0x0000000100000000)
  region size 1024K, 3 young (3072K), 3 survivors (3072K)
}
Event: 6323.611 {heap Before GC invocations=22 (full 0):
 garbage-first heap   total reserved 2013184K, committed 73728K, used 64661K [0x0000000085200000, 0x0000000100000000)
  region size 1024K, 30 young (30720K), 3 survivors (3072K)
}
Event: 6323.695 {heap After GC invocations=23 (full 0):
 garbage-first heap   total reserved 2013184K, committed 73728K, used 38042K [0x0000000085200000, 0x0000000100000000)
  region size 1024K, 3 young (3072K), 3 survivors (3072K)
}
Event: 7323.642 {heap Before GC invocations=24 (full 0):
 garbage-first heap   total reserved 2013184K, committed 73728K, used 66714K [0x0000000085200000, 0x0000000100000000)
  region size 1024K, 31 young (31744K), 3 survivors (3072K)
}
Event: 7323.777 {heap After GC invocations=25 (full 0):
 garbage-first heap   total reserved 2013184K, committed 73728K, used 38028K [0x0000000085200000, 0x0000000100000000)
  region size 1024K, 3 young (3072K), 3 survivors (3072K)
}
Event: 8253.665 {heap Before GC invocations=25 (full 0):
 garbage-first heap   total reserved 2013184K, committed 73728K, used 66700K [0x0000000085200000, 0x0000000100000000)
  region size 1024K, 32 young (32768K), 3 survivors (3072K)
}
Event: 8254.012 {heap After GC invocations=26 (full 0):
 garbage-first heap   total reserved 2013184K, committed 79872K, used 33694K [0x0000000085200000, 0x0000000100000000)
  region size 1024K, 3 young (3072K), 3 survivors (3072K)
}

Metaspace Usage History (20 events):
Event: 4.815 {metaspace Before GC invocations=13 (full 0):
 Metaspace       used 65773K, committed 66304K, reserved 1114112K
  class space    used 7272K, committed 7488K, reserved 1048576K
}
Event: 4.819 {metaspace After GC invocations=14 (full 0):
 Metaspace       used 65773K, committed 66304K, reserved 1114112K
  class space    used 7272K, committed 7488K, reserved 1048576K
}
Event: 4.872 {metaspace Before GC invocations=14 (full 0):
 Metaspace       used 65789K, committed 66304K, reserved 1114112K
  class space    used 7272K, committed 7488K, reserved 1048576K
}
Event: 4.875 {metaspace After GC invocations=15 (full 0):
 Metaspace       used 65789K, committed 66304K, reserved 1114112K
  class space    used 7272K, committed 7488K, reserved 1048576K
}
Event: 4.996 {metaspace Before GC invocations=16 (full 0):
 Metaspace       used 67751K, committed 68224K, reserved 1114112K
  class space    used 7706K, committed 7872K, reserved 1048576K
}
Event: 5.000 {metaspace After GC invocations=17 (full 0):
 Metaspace       used 67751K, committed 68224K, reserved 1114112K
  class space    used 7706K, committed 7872K, reserved 1048576K
}
Event: 5.182 {metaspace Before GC invocations=17 (full 0):
 Metaspace       used 71034K, committed 71488K, reserved 1114112K
  class space    used 8275K, committed 8448K, reserved 1048576K
}
Event: 5.185 {metaspace After GC invocations=18 (full 0):
 Metaspace       used 71034K, committed 71488K, reserved 1114112K
  class space    used 8275K, committed 8448K, reserved 1048576K
}
Event: 180.626 {metaspace Before GC invocations=18 (full 0):
 Metaspace       used 74720K, committed 75328K, reserved 1179648K
  class space    used 8691K, committed 8960K, reserved 1048576K
}
Event: 180.647 {metaspace After GC invocations=19 (full 0):
 Metaspace       used 74720K, committed 75328K, reserved 1179648K
  class space    used 8691K, committed 8960K, reserved 1048576K
}
Event: 469.956 {metaspace Before GC invocations=20 (full 0):
 Metaspace       used 80657K, committed 81216K, reserved 1179648K
  class space    used 9351K, committed 9600K, reserved 1048576K
}
Event: 469.978 {metaspace After GC invocations=21 (full 0):
 Metaspace       used 80657K, committed 81216K, reserved 1179648K
  class space    used 9351K, committed 9600K, reserved 1048576K
}
Event: 2351.455 {metaspace Before GC invocations=21 (full 0):
 Metaspace       used 82947K, committed 83520K, reserved 1179648K
  class space    used 9439K, committed 9728K, reserved 1048576K
}
Event: 2351.529 {metaspace After GC invocations=22 (full 0):
 Metaspace       used 82947K, committed 83520K, reserved 1179648K
  class space    used 9439K, committed 9728K, reserved 1048576K
}
Event: 6323.611 {metaspace Before GC invocations=22 (full 0):
 Metaspace       used 83354K, committed 83968K, reserved 1179648K
  class space    used 9445K, committed 9728K, reserved 1048576K
}
Event: 6323.695 {metaspace After GC invocations=23 (full 0):
 Metaspace       used 83354K, committed 83968K, reserved 1179648K
  class space    used 9445K, committed 9728K, reserved 1048576K
}
Event: 7323.642 {metaspace Before GC invocations=24 (full 0):
 Metaspace       used 83727K, committed 84288K, reserved 1179648K
  class space    used 9403K, committed 9728K, reserved 1048576K
}
Event: 7323.777 {metaspace After GC invocations=25 (full 0):
 Metaspace       used 83727K, committed 84288K, reserved 1179648K
  class space    used 9403K, committed 9728K, reserved 1048576K
}
Event: 8253.666 {metaspace Before GC invocations=25 (full 0):
 Metaspace       used 83928K, committed 84544K, reserved 1179648K
  class space    used 9404K, committed 9728K, reserved 1048576K
}
Event: 8254.012 {metaspace After GC invocations=26 (full 0):
 Metaspace       used 83928K, committed 84544K, reserved 1179648K
  class space    used 9404K, committed 9728K, reserved 1048576K
}

Dll operation events (9 events):
Event: 0.013 Loaded shared library C:\Program Files\Java\jdk-25\bin\java.dll
Event: 0.127 Loaded shared library C:\Program Files\Java\jdk-25\bin\net.dll
Event: 0.130 Loaded shared library C:\Program Files\Java\jdk-25\bin\nio.dll
Event: 0.132 Loaded shared library C:\Program Files\Java\jdk-25\bin\zip.dll
Event: 0.219 Loaded shared library C:\Program Files\Java\jdk-25\bin\jimage.dll
Event: 1.368 Loaded shared library C:\Program Files\Java\jdk-25\bin\sunmscapi.dll
Event: 2.411 Loaded shared library C:\Program Files\Java\jdk-25\bin\management.dll
Event: 2.415 Loaded shared library C:\Program Files\Java\jdk-25\bin\management_ext.dll
Event: 2.620 Loaded shared library C:\Program Files\Java\jdk-25\bin\extnet.dll

Deoptimization events (20 events):
Event: 8491.756 Thread 0x0000020f0189ee30 Uncommon trap: trap_request=0xffffff95 fr.pc=0x0000020f6c5b85f4 relative=0x0000000000000874
Event: 8491.757 Thread 0x0000020f0189ee30 Uncommon trap: reason=unreached action=reinterpret pc=0x0000020f6c5b85f4 method=tools.jackson.databind.ser.bean.BeanSerializerBase._serializePropertiesNoView(Ljava/lang/Object;Ltools/jackson/core/JsonGenerator;Ltools/jackson/databind/SerializationContext;
Event: 8491.767 Thread 0x0000020f0189ee30 DEOPT PACKING pc=0x0000020f6c5b85f4 sp=0x0000004fa0ffc470
Event: 8491.770 Thread 0x0000020f0189ee30 DEOPT UNPACKING pc=0x0000020f6c0e2702 sp=0x0000004fa0ffc400 mode 2
Event: 8492.168 Thread 0x0000020f0189ee30 Uncommon trap: trap_request=0xffffff45 fr.pc=0x0000020f6c59fde4 relative=0x0000000000000064
Event: 8492.177 Thread 0x0000020f0189ee30 Uncommon trap: reason=unstable_if action=reinterpret pc=0x0000020f6c59fde4 method=org.springframework.web.context.request.async.StandardServletAsyncWebRequest.tryObtainLock()I @ 7 c2
Event: 8492.177 Thread 0x0000020f0189ee30 DEOPT PACKING pc=0x0000020f6c59fde4 sp=0x0000004fa0ffc670
Event: 8492.177 Thread 0x0000020f0189ee30 DEOPT UNPACKING pc=0x0000020f6c0e2702 sp=0x0000004fa0ffc590 mode 2
Event: 8492.532 Thread 0x0000020f0189ee30 Uncommon trap: trap_request=0xfffffff4 fr.pc=0x0000020f6c700ec4 relative=0x0000000000000444
Event: 8492.532 Thread 0x0000020f0189ee30 Uncommon trap: reason=null_check action=make_not_entrant pc=0x0000020f6c700ec4 method=java.lang.Class.reflectionData()Ljava/lang/Class$ReflectionData; @ 18 c2
Event: 8492.533 Thread 0x0000020f0189ee30 DEOPT PACKING pc=0x0000020f6c700ec4 sp=0x0000004fa0ffcad0
Event: 8492.534 Thread 0x0000020f0189ee30 DEOPT UNPACKING pc=0x0000020f6c0e2702 sp=0x0000004fa0ffc940 mode 2
Event: 8492.844 Thread 0x0000020f0189ee30 Uncommon trap: trap_request=0xfffffff4 fr.pc=0x0000020f6c6c105c relative=0x00000000000002dc
Event: 8492.844 Thread 0x0000020f0189ee30 Uncommon trap: reason=null_check action=make_not_entrant pc=0x0000020f6c6c105c method=java.lang.Class.reflectionData()Ljava/lang/Class$ReflectionData; @ 18 c2
Event: 8492.844 Thread 0x0000020f0189ee30 DEOPT PACKING pc=0x0000020f6c6c105c sp=0x0000004fa0ffbf00
Event: 8492.844 Thread 0x0000020f0189ee30 DEOPT UNPACKING pc=0x0000020f6c0e2702 sp=0x0000004fa0ffbe38 mode 2
Event: 8594.377 Thread 0x0000020f795cd9c0 Uncommon trap: trap_request=0xffffff45 fr.pc=0x0000020f6c5c7808 relative=0x0000000000001d88
Event: 8594.378 Thread 0x0000020f795cd9c0 Uncommon trap: reason=unstable_if action=reinterpret pc=0x0000020f6c5c7808 method=java.nio.channels.spi.AbstractSelectionKey.isValid()Z @ 4 c2
Event: 8594.379 Thread 0x0000020f795cd9c0 DEOPT PACKING pc=0x0000020f6c5c7808 sp=0x0000004fa15ff090
Event: 8594.383 Thread 0x0000020f795cd9c0 DEOPT UNPACKING pc=0x0000020f6c0e2702 sp=0x0000004fa15feec8 mode 2

Classes loaded (20 events):
Event: 181.379 Loading class java/util/stream/DoubleStream
Event: 181.379 Loading class java/util/stream/DoubleStream done
Event: 181.383 Loading class org/w3c/dom/Node
Event: 181.383 Loading class org/w3c/dom/Node done
Event: 181.383 Loading class org/w3c/dom/Document
Event: 181.383 Loading class org/w3c/dom/Document done
Event: 286.849 Loading class java/lang/invoke/MethodHandleImpl$WrappedMember
Event: 286.849 Loading class java/lang/invoke/MethodHandleImpl$WrappedMember done
Event: 286.915 Loading class java/math/MathContext
Event: 286.916 Loading class java/math/MathContext done
Event: 286.918 Loading class jdk/internal/math/FormattedFPDecimal
Event: 286.918 Loading class jdk/internal/math/FormattedFPDecimal done
Event: 330.549 Loading class java/lang/invoke/MethodHandleImpl$CountingWrapper$1
Event: 330.550 Loading class java/lang/invoke/MethodHandleImpl$CountingWrapper$1 done
Event: 1227.117 Loading class java/util/function/DoubleUnaryOperator
Event: 1227.126 Loading class java/util/function/DoubleUnaryOperator done
Event: 1814.197 Loading class java/util/concurrent/locks/AbstractQueuedLongSynchronizer$Node
Event: 1814.224 Loading class java/util/concurrent/locks/AbstractQueuedLongSynchronizer$Node done
Event: 6059.659 Loading class sun/net/ConnectionResetException
Event: 6059.678 Loading class sun/net/ConnectionResetException done

Classes unloaded (20 events):
Event: 6323.985 Thread 0x0000020f78f4ab70 Unloading class 0x0000000028304000 'java/lang/invoke/LambdaForm$MH+0x0000000028304000'
Event: 6323.985 Thread 0x0000020f78f4ab70 Unloading class 0x00000000282f6400 'java/lang/invoke/LambdaForm$MH+0x00000000282f6400'
Event: 6323.985 Thread 0x0000020f78f4ab70 Unloading class 0x00000000282f6000 'java/lang/invoke/LambdaForm$MH+0x00000000282f6000'
Event: 6323.985 Thread 0x0000020f78f4ab70 Unloading class 0x00000000282f4400 'java/lang/invoke/LambdaForm$MH+0x00000000282f4400'
Event: 6323.985 Thread 0x0000020f78f4ab70 Unloading class 0x00000000282e5800 'java/lang/invoke/LambdaForm$MH+0x00000000282e5800'
Event: 6323.985 Thread 0x0000020f78f4ab70 Unloading class 0x00000000282e5400 'java/lang/invoke/LambdaForm$MH+0x00000000282e5400'
Event: 6323.985 Thread 0x0000020f78f4ab70 Unloading class 0x00000000282e5000 'java/lang/invoke/LambdaForm$BMH+0x00000000282e5000'
Event: 6323.985 Thread 0x0000020f78f4ab70 Unloading class 0x00000000282dd000 'java/lang/invoke/LambdaForm$MH+0x00000000282dd000'
Event: 6323.985 Thread 0x0000020f78f4ab70 Unloading class 0x00000000282dcc00 'java/lang/invoke/LambdaForm$MH+0x00000000282dcc00'
Event: 6323.985 Thread 0x0000020f78f4ab70 Unloading class 0x00000000282dc000 'java/lang/invoke/LambdaForm$MH+0x00000000282dc000'
Event: 6323.985 Thread 0x0000020f78f4ab70 Unloading class 0x00000000282d0000 'java/lang/invoke/LambdaForm$DMH+0x00000000282d0000'
Event: 6323.985 Thread 0x0000020f78f4ab70 Unloading class 0x00000000281c4000 'java/lang/invoke/LambdaForm$MH+0x00000000281c4000'
Event: 6323.986 Thread 0x0000020f78f4ab70 Unloading class 0x00000000281ac400 'java/lang/invoke/LambdaForm$DMH+0x00000000281ac400'
Event: 6323.986 Thread 0x0000020f78f4ab70 Unloading class 0x00000000280e0400 'java/lang/invoke/LambdaForm$MH+0x00000000280e0400'
Event: 6323.986 Thread 0x0000020f78f4ab70 Unloading class 0x00000000280e0000 'java/lang/invoke/LambdaForm$MH+0x00000000280e0000'
Event: 6323.986 Thread 0x0000020f78f4ab70 Unloading class 0x00000000280b5800 'java/lang/invoke/LambdaForm$MH+0x00000000280b5800'
Event: 6323.986 Thread 0x0000020f78f4ab70 Unloading class 0x00000000280b5400 'java/lang/invoke/LambdaForm$MH+0x00000000280b5400'
Event: 6323.986 Thread 0x0000020f78f4ab70 Unloading class 0x00000000280a0000 'java/lang/invoke/LambdaForm$DMH+0x00000000280a0000'
Event: 6323.987 Thread 0x0000020f78f4ab70 Unloading class 0x000000002807c800 'java/lang/invoke/LambdaForm$MH+0x000000002807c800'
Event: 6323.987 Thread 0x0000020f78f4ab70 Unloading class 0x000000002805d000 'java/lang/invoke/LambdaForm$BMH+0x000000002805d000'

Classes redefined (0 events):
No events

Internal exceptions (20 events):
Event: 6408.584 Thread 0x0000020f012b7690 Implicit null exception at 0x0000020f6c56cffe to 0x0000020f6c56d2b4
Event: 6409.579 Thread 0x0000020f012b7690 Implicit null exception at 0x0000020f6c56cffe to 0x0000020f6c56d2b4
Event: 6410.580 Thread 0x0000020f012b7690 Implicit null exception at 0x0000020f6c61a3fc to 0x0000020f6c61a69c
Event: 6446.991 Thread 0x0000020f795cb2b0 Exception <a 'java/io/IOException'{0x000000008a8ae308}> (0x000000008a8ae308) 
thrown [s\open\src\hotspot\share\prims\jni.cpp, line 516]
Event: 6527.765 Thread 0x0000020f01899840 Exception <a 'java/io/IOException'{0x00000000890a6cb8}> (0x00000000890a6cb8) 
thrown [s\open\src\hotspot\share\prims\jni.cpp, line 516]
Event: 6557.995 Thread 0x0000020f0189cef0 Exception <a 'java/io/IOException'{0x0000000088fb9650}> (0x0000000088fb9650) 
thrown [s\open\src\hotspot\share\prims\jni.cpp, line 516]
Event: 6709.294 Thread 0x0000020f0189de90 Exception <a 'java/io/IOException'{0x000000008892d760}> (0x000000008892d760) 
thrown [s\open\src\hotspot\share\prims\jni.cpp, line 516]
Event: 6820.968 Thread 0x0000020f01899840 Exception <a 'java/io/IOException'{0x00000000887616a8}> (0x00000000887616a8) 
thrown [s\open\src\hotspot\share\prims\jni.cpp, line 516]
Event: 7050.427 Thread 0x0000020f795ce960 Exception <a 'java/io/IOException'{0x000000008801b1e8}> (0x000000008801b1e8) 
thrown [s\open\src\hotspot\share\prims\jni.cpp, line 516]
Event: 7132.680 Thread 0x0000020f018a05a0 Implicit null exception at 0x0000020f6c7943d3 to 0x0000020f6c7947dc
Event: 7359.138 Thread 0x0000020f025e0e30 Implicit null exception at 0x0000020f6c6a96c9 to 0x0000020f6c6a976d
Event: 7359.166 Thread 0x0000020f025e0e30 Implicit null exception at 0x0000020f6c6da5d3 to 0x0000020f6c6da65c
Event: 7359.326 Thread 0x0000020f025e0e30 Implicit null exception at 0x0000020f6c759ed7 to 0x0000020f6c75a19d
Event: 8402.382 Thread 0x0000020f795cf130 Exception <a 'java/io/IOException'{0x0000000088f4b618}> (0x0000000088f4b618) 
thrown [s\open\src\hotspot\share\prims\jni.cpp, line 516]
Event: 8491.720 Thread 0x0000020f0189ee30 Exception <a 'java/io/IOException'{0x0000000088eda658}> (0x0000000088eda658) 
thrown [s\open\src\hotspot\share\prims\jni.cpp, line 516]
Event: 8492.532 Thread 0x0000020f0189ee30 Implicit null exception at 0x0000020f6c700b2c to 0x0000020f6c700ea0
Event: 8492.844 Thread 0x0000020f0189ee30 Implicit null exception at 0x0000020f6c6c0dd7 to 0x0000020f6c6c1038
Event: 8493.162 Thread 0x0000020f0189ee30 Exception <a 'java/io/IOException'{0x0000000088ef2a38}> (0x0000000088ef2a38) 
thrown [s\open\src\hotspot\share\prims\jni.cpp, line 516]
Event: 8493.173 Thread 0x0000020f0189ee30 Exception <a 'java/io/IOException'{0x0000000088ef4ca0}> (0x0000000088ef4ca0) 
thrown [s\open\src\hotspot\share\prims\jni.cpp, line 516]
Event: 8552.925 Thread 0x0000020f01899840 Exception <a 'java/io/IOException'{0x0000000088d24c80}> (0x0000000088d24c80) 
thrown [s\open\src\hotspot\share\prims\jni.cpp, line 516]

VM Operations (20 events):
Event: 8533.105 Executing non-safepoint VM operation: HandshakeAllThreads (HandshakeForDeflation)
Event: 8533.106 Executing non-safepoint VM operation: HandshakeAllThreads (HandshakeForDeflation) done
Event: 8533.106 Executing non-safepoint VM operation: RendezvousGCThreads
Event: 8533.107 Executing non-safepoint VM operation: RendezvousGCThreads done
Event: 8593.309 Executing non-safepoint VM operation: HandshakeAllThreads (HandshakeForDeflation)
Event: 8593.310 Executing non-safepoint VM operation: HandshakeAllThreads (HandshakeForDeflation) done
Event: 8593.310 Executing non-safepoint VM operation: RendezvousGCThreads
Event: 8593.310 Executing non-safepoint VM operation: RendezvousGCThreads done
Event: 8653.538 Executing non-safepoint VM operation: HandshakeAllThreads (HandshakeForDeflation)
Event: 8653.539 Executing non-safepoint VM operation: HandshakeAllThreads (HandshakeForDeflation) done
Event: 8653.541 Executing non-safepoint VM operation: RendezvousGCThreads
Event: 8653.541 Executing non-safepoint VM operation: RendezvousGCThreads done
Event: 8713.565 Executing non-safepoint VM operation: HandshakeAllThreads (HandshakeForDeflation)
Event: 8713.568 Executing non-safepoint VM operation: HandshakeAllThreads (HandshakeForDeflation) done
Event: 8713.569 Executing non-safepoint VM operation: RendezvousGCThreads
Event: 8713.569 Executing non-safepoint VM operation: RendezvousGCThreads done
Event: 8773.575 Executing non-safepoint VM operation: HandshakeAllThreads (HandshakeForDeflation)
Event: 8773.576 Executing non-safepoint VM operation: HandshakeAllThreads (HandshakeForDeflation) done
Event: 8773.576 Executing non-safepoint VM operation: RendezvousGCThreads
Event: 8773.577 Executing non-safepoint VM operation: RendezvousGCThreads done

Memory protections (0 events):
No events

Nmethod flushes (20 events):
Event: 6324.358 Thread 0x0000020f78f4ab70 flushing  nmethod 0x0000020f651f9988
Event: 6324.358 Thread 0x0000020f78f4ab70 flushing  nmethod 0x0000020f651fa608
Event: 6324.358 Thread 0x0000020f78f4ab70 flushing  nmethod 0x0000020f65252808
Event: 6324.358 Thread 0x0000020f78f4ab70 flushing  nmethod 0x0000020f65253e88
Event: 6324.358 Thread 0x0000020f78f4ab70 flushing  nmethod 0x0000020f65256d88
Event: 6324.359 Thread 0x0000020f78f4ab70 flushing  nmethod 0x0000020f65258a08
Event: 6324.359 Thread 0x0000020f78f4ab70 flushing  nmethod 0x0000020f65259788
Event: 6324.359 Thread 0x0000020f78f4ab70 flushing  nmethod 0x0000020f65259a88
Event: 6324.359 Thread 0x0000020f78f4ab70 flushing  nmethod 0x0000020f652b2488
Event: 6324.359 Thread 0x0000020f78f4ab70 flushing  nmethod 0x0000020f652b2808
Event: 6324.359 Thread 0x0000020f78f4ab70 flushing  nmethod 0x0000020f652b2c08
Event: 6324.359 Thread 0x0000020f78f4ab70 flushing  nmethod 0x0000020f652b2f08
Event: 6324.359 Thread 0x0000020f78f4ab70 flushing  nmethod 0x0000020f652b3708
Event: 6324.359 Thread 0x0000020f78f4ab70 flushing  nmethod 0x0000020f652b3d08
Event: 6324.359 Thread 0x0000020f78f4ab70 flushing  nmethod 0x0000020f652b4808
Event: 6324.359 Thread 0x0000020f78f4ab70 flushing  nmethod 0x0000020f652b4e88
Event: 6324.359 Thread 0x0000020f78f4ab70 flushing  nmethod 0x0000020f652b5288
Event: 6324.359 Thread 0x0000020f78f4ab70 flushing  nmethod 0x0000020f652b5988
Event: 6324.359 Thread 0x0000020f78f4ab70 flushing  nmethod 0x0000020f652b5e88
Event: 6324.359 Thread 0x0000020f78f4ab70 flushing  nmethod 0x0000020f652b7008

Events (20 events):
Event: 6120.123 Thread 0x0000020f01326940 Thread exited: 0x0000020f01326940
Event: 6125.183 Thread 0x0000020f0132a1b0 Thread exited: 0x0000020f0132a1b0
Event: 6127.898 Thread 0x0000020f78f81250 Thread added: 0x0000020f0132a1b0
Event: 6127.899 Thread 0x0000020f78f81250 Thread added: 0x0000020f01326940
Event: 6130.251 Thread 0x0000020f01326940 Thread exited: 0x0000020f01326940
Event: 6135.268 Thread 0x0000020f0132a1b0 Thread exited: 0x0000020f0132a1b0
Event: 6175.042 Thread 0x0000020f78f76d20 Thread added: 0x0000020f0132a1b0
Event: 6181.988 Thread 0x0000020f0132a1b0 Thread exited: 0x0000020f0132a1b0
Event: 6455.868 Thread 0x0000020f012b4f80 Thread added: 0x0000020f025dc7e0
Event: 6460.900 Thread 0x0000020f025dc7e0 Thread exited: 0x0000020f025dc7e0
Event: 7157.642 Thread 0x0000020f78f81250 Thread added: 0x0000020f0132b9e0
Event: 7162.853 Thread 0x0000020f0132b9e0 Thread exited: 0x0000020f0132b9e0
Event: 7358.962 Thread 0x0000020f012b4f80 Thread added: 0x0000020f025e0660
Event: 7358.998 Thread 0x0000020f025e0660 Thread added: 0x0000020f025e0e30
Event: 7364.000 Thread 0x0000020f025e0660 Thread exited: 0x0000020f025e0660
Event: 7364.388 Thread 0x0000020f025e0e30 Thread exited: 0x0000020f025e0e30
Event: 7434.868 Thread 0x0000020f012b4f80 Thread added: 0x0000020f025e0660
Event: 7434.876 Thread 0x0000020f025e0660 Thread added: 0x0000020f025e0e30
Event: 7439.881 Thread 0x0000020f025e0660 Thread exited: 0x0000020f025e0660
Event: 7440.008 Thread 0x0000020f025e0e30 Thread exited: 0x0000020f025e0e30


Dynamic libraries:
0x00007ff75e0e0000 - 0x00007ff75e0f0000 	C:\Program Files\Java\jdk-25\bin\java.exe
0x00007ffe2a5a0000 - 0x00007ffe2a807000 	C:\WINDOWS\SYSTEM32\ntdll.dll
0x00007ffe29480000 - 0x00007ffe29549000 	C:\WINDOWS\System32\KERNEL32.DLL
0x00007ffe26e80000 - 0x00007ffe27271000 	C:\WINDOWS\System32\KERNELBASE.dll
0x00007ffe27400000 - 0x00007ffe2754b000 	C:\WINDOWS\System32\ucrtbase.dll
0x00007ffe00ee0000 - 0x00007ffe00ef7000 	C:\Program Files\Java\jdk-25\bin\jli.dll
0x00007ffe00ec0000 - 0x00007ffe00ede000 	C:\Program Files\Java\jdk-25\bin\VCRUNTIME140.dll
0x00007ffe28bf0000 - 0x00007ffe28db5000 	C:\WINDOWS\System32\USER32.dll
0x00007ffe03080000 - 0x00007ffe03313000 	C:\WINDOWS\WinSxS\amd64_microsoft.windows.common-controls_6595b64144ccf1df_6.0.26100.7922_none_3e089e1ee3342171\COMCTL32.dll
0x00007ffe27800000 - 0x00007ffe27827000 	C:\WINDOWS\System32\win32u.dll
0x00007ffe28550000 - 0x00007ffe285f9000 	C:\WINDOWS\System32\msvcrt.dll
0x00007ffe29640000 - 0x00007ffe2966b000 	C:\WINDOWS\System32\GDI32.dll
0x00007ffe280a0000 - 0x00007ffe281ca000 	C:\WINDOWS\System32\gdi32full.dll
0x00007ffe28290000 - 0x00007ffe28333000 	C:\WINDOWS\System32\msvcp_win.dll
0x00007ffe28e40000 - 0x00007ffe28e71000 	C:\WINDOWS\System32\IMM32.DLL
0x00007ffe221f0000 - 0x00007ffe221fc000 	C:\Program Files\Java\jdk-25\bin\vcruntime140_1.dll
0x00007ffdc1910000 - 0x00007ffdc199d000 	C:\Program Files\Java\jdk-25\bin\msvcp140.dll
0x00007ffd55900000 - 0x00007ffd5675f000 	C:\Program Files\Java\jdk-25\bin\server\jvm.dll
0x00007ffe2a320000 - 0x00007ffe2a3db000 	C:\WINDOWS\System32\ADVAPI32.dll
0x00007ffe28f40000 - 0x00007ffe28fe7000 	C:\WINDOWS\System32\sechost.dll
0x00007ffe29ff0000 - 0x00007ffe2a108000 	C:\WINDOWS\System32\RPCRT4.dll
0x00007ffe28dc0000 - 0x00007ffe28e34000 	C:\WINDOWS\System32\WS2_32.dll
0x00007ffe26ce0000 - 0x00007ffe26d3e000 	C:\WINDOWS\SYSTEM32\POWRPROF.dll
0x00007ffe1ba60000 - 0x00007ffe1ba6b000 	C:\WINDOWS\SYSTEM32\VERSION.dll
0x00007ffe1df70000 - 0x00007ffe1dfa5000 	C:\WINDOWS\SYSTEM32\WINMM.dll
0x00007ffe26cc0000 - 0x00007ffe26cd4000 	C:\WINDOWS\SYSTEM32\UMPDC.dll
0x00007ffe25c10000 - 0x00007ffe25c2b000 	C:\WINDOWS\SYSTEM32\kernel.appcore.dll
0x00007ffe049b0000 - 0x00007ffe049ba000 	C:\Program Files\Java\jdk-25\bin\jimage.dll
0x00007ffe24dd0000 - 0x00007ffe25012000 	C:\WINDOWS\SYSTEM32\DBGHELP.DLL
0x00007ffe28620000 - 0x00007ffe289a2000 	C:\WINDOWS\System32\combase.dll
0x00007ffe29560000 - 0x00007ffe29637000 	C:\WINDOWS\System32\OLEAUT32.dll
0x00007ffe021b0000 - 0x00007ffe021eb000 	C:\WINDOWS\SYSTEM32\dbgcore.DLL
0x00007ffe27550000 - 0x00007ffe275f5000 	C:\WINDOWS\System32\bcryptPrimitives.dll
0x00007ffe00ea0000 - 0x00007ffe00ebf000 	C:\Program Files\Java\jdk-25\bin\java.dll
0x00007ffe29de0000 - 0x00007ffe29f75000 	C:\WINDOWS\System32\ole32.dll
0x00007ffe29670000 - 0x00007ffe29dcf000 	C:\WINDOWS\System32\SHELL32.dll
0x00007ffe27690000 - 0x00007ffe277fa000 	C:\WINDOWS\System32\wintypes.dll
0x00007ffe27830000 - 0x00007ffe28094000 	C:\WINDOWS\System32\windows.storage.dll
0x00007ffe2a3e0000 - 0x00007ffe2a4d7000 	C:\WINDOWS\System32\SHCORE.dll
0x00007ffe28a10000 - 0x00007ffe28a77000 	C:\WINDOWS\System32\shlwapi.dll
0x00007ffe26da0000 - 0x00007ffe26dc9000 	C:\WINDOWS\SYSTEM32\profapi.dll
0x00007ffdf1d60000 - 0x00007ffdf1d72000 	C:\Program Files\Java\jdk-25\bin\net.dll
0x00007ffe26180000 - 0x00007ffe261eb000 	C:\WINDOWS\system32\mswsock.dll
0x00007ffdea760000 - 0x00007ffdea776000 	C:\Program Files\Java\jdk-25\bin\nio.dll
0x00007ffdea740000 - 0x00007ffdea757000 	C:\Program Files\Java\jdk-25\bin\zip.dll
0x00007ffded9f0000 - 0x00007ffded9fe000 	C:\Program Files\Java\jdk-25\bin\sunmscapi.dll
0x00007ffe27280000 - 0x00007ffe273f7000 	C:\WINDOWS\System32\CRYPT32.dll
0x00007ffe26680000 - 0x00007ffe266b0000 	C:\WINDOWS\SYSTEM32\ncrypt.dll
0x00007ffe26630000 - 0x00007ffe2666f000 	C:\WINDOWS\SYSTEM32\NTASN1.dll
0x00007ffe26460000 - 0x00007ffe2647b000 	C:\WINDOWS\SYSTEM32\CRYPTSP.dll
0x00007ffe25b70000 - 0x00007ffe25ba9000 	C:\WINDOWS\system32\rsaenh.dll
0x00007ffe26230000 - 0x00007ffe26262000 	C:\WINDOWS\SYSTEM32\USERENV.dll
0x00007ffe26d70000 - 0x00007ffe26d9a000 	C:\WINDOWS\SYSTEM32\bcrypt.dll
0x00007ffe26480000 - 0x00007ffe2648c000 	C:\WINDOWS\SYSTEM32\CRYPTBASE.dll
0x00007ffe25620000 - 0x00007ffe25653000 	C:\WINDOWS\SYSTEM32\IPHLPAPI.DLL
0x00007ffe28a80000 - 0x00007ffe28a8a000 	C:\WINDOWS\System32\NSI.dll
0x00007ffdea570000 - 0x00007ffdea57a000 	C:\Program Files\Java\jdk-25\bin\management.dll
0x00007ffdea560000 - 0x00007ffdea56c000 	C:\Program Files\Java\jdk-25\bin\management_ext.dll
0x00007ffe29550000 - 0x00007ffe29558000 	C:\WINDOWS\System32\PSAPI.DLL
0x00007ffe256c0000 - 0x00007ffe257ea000 	C:\WINDOWS\SYSTEM32\DNSAPI.dll
0x00007ffe1eeb0000 - 0x00007ffe1eebb000 	C:\Windows\System32\rasadhlp.dll
0x00007ffe21ce0000 - 0x00007ffe21d66000 	C:\WINDOWS\System32\fwpuclnt.dll
0x00007ffdea550000 - 0x00007ffdea559000 	C:\Program Files\Java\jdk-25\bin\extnet.dll
0x00007ffdf9800000 - 0x00007ffdf9808000 	C:\WINDOWS\system32\wshunix.dll

JVMTI agents: none

dbghelp: loaded successfully - version: 4.0.5 - missing functions: none
symbol engine: initialized successfully - sym options: 0x614 - pdb path: .;C:\Program Files\Java\jdk-25\bin;C:\WINDOWS\SYSTEM32;C:\WINDOWS\WinSxS\amd64_microsoft.windows.common-controls_6595b64144ccf1df_6.0.26100.7922_none_3e089e1ee3342171;C:\Program Files\Java\jdk-25\bin\server

VM Arguments:
jvm_args: -Dfile.encoding=UTF-8 -Duser.country=IN -Duser.language=en -Duser.variant 
java_command: com.PolluSense_Geo.PolluSenseGeoApplication
java_class_path (initial): E:\Final Year Project\Software\Backend\build\classes\java\main;E:\Final Year Project\Software\Backend\build\resources\main;C:\Users\vitth\.gradle\caches\modules-2\files-2.1\org.springframework.boot\spring-boot-starter-data-jpa\4.0.3\3c979e063184e0bf2cde9a7d5c7a66401fee0615\spring-boot-starter-data-jpa-4.0.3.jar;C:\Users\vitth\.gradle\caches\modules-2\files-2.1\org.springframework.boot\spring-boot-starter-webmvc\4.0.3\b5e7b864a336375c785df7f5db22061adf99fdcc\spring-boot-starter-webmvc-4.0.3.jar;C:\Users\vitth\.gradle\caches\modules-2\files-2.1\org.springframework.boot\spring-boot-starter-validation\4.0.3\224be37247aec394f998f55f7868b7fd9a77200e\spring-boot-starter-validation-4.0.3.jar;C:\Users\vitth\.gradle\caches\modules-2\files-2.1\org.postgresql\postgresql\42.7.10\35100a3f0899551e27af8fed4a3414619a4663b3\postgresql-42.7.10.jar;C:\Users\vitth\.gradle\caches\modules-2\files-2.1\org.springframework.boot\spring-boot-starter-jdbc\4.0.3\c6ed739bbc5ce99dfcb81272f9fcfd259b8e325f\spring-boot-starter-jdbc-4.0.3.jar;C:\Users\vitth\.gradle\caches\modules-2\files-2.1\org.springframework.boot\spring-boot-starter-jackson\4.0.3\1e02c5c501f5a8559a18d608ca847ae6f240dde\spring-boot-starter-jackson-4.0.3.jar;C:\Users\vitth\.gradle\caches\modules-2\files-2.1\org.springframework.boot\spring-boot-starter-tomcat\4.0.3\458c27ddeb83ee9cb7a022ac8abbc3563167161e\spring-boot-starter-tomcat-4.0.3.jar;C:\Users\vitth\.gradle\caches\modules-2\files-2.1\org.springframework.boot\spring-boot-starter\4.0.3\4e6cfad940a6f23ca7d1e1cc18c19e8d573830ef\spring-boot-starter-4.0.3.jar;C:\Users\vitth\.gradle\caches\modules-2\files-2.1\org.springframework.boot\spring-boot-data-jpa\4.0.3\ed3bec355933bfb43f5c26e85999fb26714805b0\spring-boot-data-jpa-4.0.3.jar;C:\Users\vitth\.gradle\caches\modules-2\files-2.1\org.springframework.boot\spring-boot-hibernate\4.0.3\edd51fa97e27adfe033493dd367c34f853559221\spring-boot-hibernate-4.0.3.jar;C:\Users\vitth\.gradle\caches\modules-2\files-2.1\org.springframework.boot\spring-boot-jpa\4.0.3\efae2341e25e140f4ccd2bf70337752193c10b8c\spring-boot-jpa-4.0.3.jar;C:\Users\vitth\.gradle\caches\modules-2\files-2.1\org.springframework.boot\spring-boot-jdbc\4.0.3\a4868d5751c42cc1da95ee6c60a9e3046131741d\spring-boot-jdbc-4.0.3.jar;C:\Users\vitth\.gradle\caches\modules-2\files-2.1\org.springframework.boot\spring-boot-webmvc\4.0.3\8100d8a8c357271d8d78ecdee0d8441b00243786\spring-boot-webmvc-4.0.3.jar;C:\Users\vitth\.gradle\caches\modules-2\files-2.1\org.springframework.boot\spring-boot-http-converter\4.0.3\72a29a59c5b1b55a151e851c3c823f01bfca106\spring-boot-http-converter-4.0.3.jar;C:\Users\vitth\.gradle\caches\modules-2\files-2.1\org.springframework.boot\spring-boot-validation\4.0.3\9e62d4105ac151c893fdb9c81863eb4ad570070d\spring-boot-validation-4.0.3.jar;C:\Users\vitth\.gradle\caches\modules-2\files-2.1\org.checkerframework\checker-qual\3.52.0\9c17f496846ab1fca8975c6a50ceac0b3bbe63f0\checker-qual-3.52.0.jar;C:\Users\vitth\.gradle\caches\modules-2\files-2.1\org.springframework.boot\spring-boot-starter-logging\4.0.3\a53f6e8b383c6b5bac002a6ff6cd142f480944c6\spring-boot-starter-logging-4.0.3.jar;C:\Users\vitth\.gradle\caches\modules-2\files-2.1\org.springframework.boot\spring-boot-autoconfigure\4.0.3\22e2d188c24d65ed1ffe97363c61e8246d2ed430\spring-boot-autoconfigure-4.0.3.jar;C:\Users\vitth\.gradle\caches\modules-2\files-2.1\org.springframework.data\spring-data-jpa\4.0.3\1e2f573cfeef6894fa077c7de0f7ee7502556ee3\spring-data-jpa-4.0.3.jar;C:\Users\vitth\.gradle\caches\modules-2\files-2.1\org.springframework.boot\spring-boot-starter-tomcat-runtime\4.0.3\f6e949420af2eda6aa89192ffca5eb9f0e7dea6b\spring-boot-starter-tomcat-runtime-4.0.3.jar;C:\Users\vitth\.gradle\caches\modules-2\files-2.1\org.springframework.boot\spring-boot-tomcat\4.0.3\28975c97048bac17c944b7b402715428dddf9c65\spring-boot-tomcat-4.0.3.jar;C:\Users\vitth\.gradle\caches\modules-2\files-2.1\jakarta.annotation\jakarta.annotation-api\3.0.0\54f928fadec906a99d558536756d171917b9d936\jakarta.annotation-api-3.0.0.jar;C:\Users\vitth\.gradle\caches\modules-2\files-2.1\org.yaml\snakeyaml\2.5\2d53ddec134280cb384c1e35d094e5f71c1f2316\snakeyaml-2.5.jar;C:\Users\vitth\.gradle\caches\modules-2\files-2.1\com.zaxxer\HikariCP\7.0.2\c2b43c946b86a14a96342379e22b004c56c6166d\HikariCP-7.0.2.jar;C:\Users\vitth\.gradle\caches\modules-2\files-2.1\org.springframework.boot\spring-boot-data-commons\4.0.3\f8aae3b50818226648f19b1040cb720ee422c16\spring-boot-data-commons-4.0.3.jar;C:\Users\vitth\.gradle\caches\modules-2\files-2.1\org.springframework\spring-aspects\7.0.5\69189ba1f8996e79ae0317d45c6b969893b93e7a\spring-aspects-7.0.5.jar;C:\Users\vitth\.gradle\caches\modules-2\files-2.1\org.springframework.boot\spring-boot-sql\4.0.3\afe39a694d946d9fc185922fd755e7d3fe197571\spring-boot-sql-4.0.3.jar;C:\Users\vitth\.gradle\caches\modules-2\files-2.1\org.springframework.boot\spring-boot-transaction\4.0.3\e62e8857548d32ffc5666f0b947073930b12fe8b\spring-boot-transaction-4.0.3.jar;C:\Users\vitth\.gradle\caches\modules-2\files-2.1\org.springframework.boot\spring-boot-jackson\4.0.3\ad6f3dff63a566bc57e100335dc5646b5b62f592\spring-boot-jackson-4.0.3.jar;C:\Users\vitth\.gradle\caches\modules-2\files-2.1\org.springframework.boot\spring-boot-servlet\4.0.3\7d435c96323d8fa917be8d70b2c2a001a8794ff4\spring-boot-servlet-4.0.3.jar;C:\Users\vitth\.gradle\caches\modules-2\files-2.1\org.springframework.boot\spring-boot-persistence\4.0.3\58ed08c6834a22536086d650a34a733baf37313d\spring-boot-persistence-4.0.3.jar;C:\Users\vitth\.gradle\caches\modules-2\files-2.1\org.springframework.boot\spring-boot-web-server\4.0.3\ed321647244629861a510d7df598d28689b2aa36\spring-boot-web-server-4.0.3.jar;C:\Users\vitth\.gradle\caches\modules-2\files-2.1\org.springframework.boot\spring-boot\4.0.3\3cdf46caf2392aa752dfb956ee010b1d70fb9acd\spring-boot-4.0.3.jar;C:\Users\vitth\.gradle\caches\modules-2\files-2.1\org.springframework\spring-orm\7.0.5\bd9d32356ea016214154fe86cc49ec8d8eed854\spring-orm-7.0.5.jar;C:\Users\vitth\.gradle\caches\modules-2\files-2.1\org.springframework\spring-jdbc\7.0.5\10cc68ecb63975683ceb923c2d07f09565ba5e82\spring-jdbc-7.0.5.jar;C:\Users\vitth\.gradle\caches\modules-2\files-2.1\org.springframework\spring-webmvc\7.0.5\77b2de8c45182565be884a7158845cb3d6f23788\spring-webmvc-7.0.5.jar;C:\Users\vitth\.gradle\caches\modules-2\files-2.1\org.springframework\spring-web\7.0.5\b2edb5890bb10edcf1ac539b0a4ef1c105fe8db3\spring-web-7.0.5.jar;C:\Users\vitth\.gradle\caches\modules-2\files-2.1\org.apache.tomcat.embed\tomcat-embed-el\11.0.18\44a04ab91a1e046f436c1746d5a93d1fff57982f\tomcat-embed-el-11.0.18.jar;C:\Users\vitth\.gradle\caches\modules-2\files-2.1\org.hibernate.validator\hibernate-validator\9.0.1.Final\28c0e41ecc84d1f0b8b6d81d16e0784e63364e68\hibernate-validator-9.0.1.Final.jar;C:\Users\vitth\.gradle\caches\modules-2\files-2.1\ch.qos.logback\logback-classic\1.5.32\2b1042c50f508f2eb402bd4d22ccbdf94cc37d2e\logback-classic-1.5.32.jar;C:\Users\vitth\.gradle\caches\modules-2\files-2.1\org.apache.logging.log4j\log4j-to-slf4j\2.25.3\30adfb40cca243ec88cf7ec1fddb411ab55faa4f\log4j-to-slf4j-2.25.3.jar;C:\Users\vitth\.gradle\caches\modules-2\files-2.1\org.slf4j\jul-to-slf4j\2.0.17\524cb6ccc2b68a57604750e1ab8b13b5a786a6aa\jul-to-slf4j-2.0.17.jar;C:\Users\vitth\.gradle\caches\modules-2\files-2.1\org.springframework.data\spring-data-commons\4.0.3\da67d50cde92cade5e3e184266bc70a99cbf20af\spring-data-commons-4.0.3.jar;C:\Users\vitth\.gradle\caches\modules-2\files-2.1\org.slf4j\slf4j-api\2.0.17\d9e58ac9c7779ba3bf8142aff6c830617a7fe60f\slf4j-api-2.0.17.jar;C:\Users\vitth\.gradle\caches\modules-2\files-2.1\org.hibernate.orm\hibernate-core\7.2.4.Final\b23aac4c9681a7f6a539e94fd18a985e517c7dcb\hibernate-core-7.2.4.Final.jar;C:\Users\vitth\.gradle\caches\modules-2\files-2.1\org.springframework\spring-context\7.0.5\f0bed37a25f4880f3e93a9556425394087bdc1e9\spring-context-7.0.5.jar;C:\Users\vitth\.gradle\caches\modules-2\files-2.1\org.springframework\spring-aop\7.0.5\647607a091a862fdf1562764a8f41ef962b6c3cc\spring-aop-7.0.5.jar;C:\Users\vitth\.gradle\caches\modules-2\files-2.1\org.springframework\spring-tx\7.0.5\d305e839f8d6a11ba4e12f3abbfda23e8ff7f946\spring-tx-7.0.5.jar;C:\Users\vitth\.gradle\caches\modules-2\files-2.1\org.springframework\spring-beans\7.0.5\e20d1006aca78c2c58f5eb85d58bc60672a3527c\spring-beans-7.0.5.jar;C:\Users\vitth\.gradle\caches\modules-2\files-2.1\org.springframework\spring-expression\7.0.5\601ded105fb8580fe6c26cb87b1b005033c66350\spring-expression-7.0.5.jar;C:\Users\vitth\.gradle\caches\modules-2\files-2.1\org.springframework\spring-core\7.0.5\186a59c9647b6a87e9c5ca8a862b8ac478e9ea14\spring-core-7.0.5.jar;C:\Users\vitth\.gradle\caches\modules-2\files-2.1\org.antlr\antlr4-runtime\4.13.2\fc3db6d844df652a3d5db31c87fa12757f13691d\antlr4-runtime-4.13.2.jar;C:\Users\vitth\.gradle\caches\modules-2\files-2.1\org.aspectj\aspectjweaver\1.9.25.1\a713c790da4d794c7dfb542b550d4e44898d5e23\aspectjweaver-1.9.25.1.jar;C:\Users\vitth\.gradle\caches\modules-2\files-2.1\tools.jackson.core\jackson-core\3.0.4\c5be0f5814e161030c29fc48b92c27331729ab7f\jackson-core-3.0.4.jar;C:\Users\vitth\.gradle\caches\modules-2\files-2.1\tools.jackson.core\jackson-databind\3.0.4\b5f818b0b9c79d344aede4b87064cc0e323f9ef2\jackson-databind-3.0.4.jar;C:\Users\vitth\.gradle\caches\modules-2\files-2.1\org.apache.tomcat.embed\tomcat-embed-websocket\11.0.18\7b0009018394a033e922e8e956d4947dce1ffd07\tomcat-embed-websocket-11.0.18.jar;C:\Users\vitth\.gradle\caches\modules-2\files-2.1\org.apache.tomcat.embed\tomcat-embed-core\11.0.18\a96bb1b8a21ee7e93ce01cce7fd63f8e7561ec92\tomcat-embed-core-11.0.18.jar;C:\Users\vitth\.gradle\caches\modules-2\files-2.1\io.micrometer\micrometer-observation\1.16.3\2846fee03dd959802e7cebf0f26c9ae2a59176a4\micrometer-observation-1.16.3.jar;C:\Users\vitth\.gradle\caches\modules-2\files-2.1\jakarta.validation\jakarta.validation-api\3.1.1\ec8622148afc5564235d17af80ea80288d0e7f92\jakarta.validation-api-3.1.1.jar;C:\Users\vitth\.gradle\caches\modules-2\files-2.1\org.hibernate.models\hibernate-models\1.0.1\3158c5f9309494b905de62c72f6f02d108aea651\hibernate-models-1.0.1.jar;C:\Users\vitth\.gradle\caches\modules-2\files-2.1\org.jboss.logging\jboss-logging\3.6.2.Final\3e0a139d7a74cc13b5e01daa8aaa7f71dccd577e\jboss-logging-3.6.2.Final.jar;C:\Users\vitth\.gradle\caches\modules-2\files-2.1\com.fasterxml\classmate\1.7.3\f61c7e7b81e9249b0f6a05914eff9d54fb09f4a0\classmate-1.7.3.jar;C:\Users\vitth\.gradle\caches\modules-2\files-2.1\ch.qos.logback\logback-core\1.5.32\fdfb3ff9a842303d4a95207294a6c6bc64e2605d\logback-core-1.5.32.jar;C:\Users\vitth\.gradle\caches\modules-2\files-2.1\org.apache.logging.log4j\log4j-api\2.25.3\fb385330d89c2d61058ef649403f214633569205\log4j-api-2.25.3.jar;C:\Users\vitth\.gradle\caches\modules-2\files-2.1\jakarta.persistence\jakarta.persistence-api\3.2.0\bb75a113f3fa191c2c7ee7b206d8e674251b3129\jakarta.persistence-api-3.2.0.jar;C:\Users\vitth\.gradle\caches\modules-2\files-2.1\jakarta.transaction\jakarta.transaction-api\2.0.1\51a520e3fae406abb84e2e1148e6746ce3f80a1a\jakarta.transaction-api-2.0.1.jar;C:\Users\vitth\.gradle\caches\modules-2\files-2.1\net.bytebuddy\byte-buddy\1.17.8\af5735f63d00ca47a9375fae5c7471a36331c6ed\byte-buddy-1.17.8.jar;C:\Users\vitth\.gradle\caches\modules-2\files-2.1\org.glassfish.jaxb\jaxb-runtime\4.0.6\fb95ebb62564657b2fedfe165b859789ef3a8711\jaxb-runtime-4.0.6.jar;C:\Users\vitth\.gradle\caches\modules-2\files-2.1\org.glassfish.jaxb\jaxb-core\4.0.6\8e61282303777fc98a00cc3affd0560d68748a75\jaxb-core-4.0.6.jar;C:\Users\vitth\.gradle\caches\modules-2\files-2.1\jakarta.xml.bind\jakarta.xml.bind-api\4.0.4\d6d2327f3817d9a33a3b6b8f2e15a96bc2e7afdc\jakarta.xml.bind-api-4.0.4.jar;C:\Users\vitth\.gradle\caches\modules-2\files-2.1\jakarta.inject\jakarta.inject-api\2.0.1\4c28afe1991a941d7702fe1362c365f0a8641d1e\jakarta.inject-api-2.0.1.jar;C:\Users\vitth\.gradle\caches\modules-2\files-2.1\commons-logging\commons-logging\1.3.5\a3fcc5d3c29b2b03433aa2d2f2d2c1b1638924a1\commons-logging-1.3.5.jar;C:\Users\vitth\.gradle\caches\modules-2\files-2.1\io.micrometer\micrometer-commons\1.16.3\2ee3cbdd1c32d8cc6defd6ed8b21695dfcb1e763\micrometer-commons-1.16.3.jar;C:\Users\vitth\.gradle\caches\modules-2\files-2.1\org.jspecify\jspecify\1.0.0\7425a601c1c7ec76645a78d22b8c6a627edee507\jspecify-1.0.0.jar;C:\Users\vitth\.gradle\caches\modules-2\files-2.1\com.fasterxml.jackson.core\jackson-annotations\2.20\6a5e7291ea3f2b590a7ce400adb7b3aea4d7e12c\jackson-annotations-2.20.jar;C:\Users\vitth\.gradle\caches\modules-2\files-2.1\org.eclipse.angus\angus-activation\2.0.3\7f80607ea5014fef0b1779e6c33d63a88a45a563\angus-activation-2.0.3.jar;C:\Users\vitth\.gradle\caches\modules-2\files-2.1\jakarta.activation\jakarta.activation-api\2.1.4\9e5c2a0d75dde71a0bedc4dbdbe47b78a5dc50f8\jakarta.activation-api-2.1.4.jar;C:\Users\vitth\.gradle\caches\modules-2\files-2.1\org.glassfish.jaxb\txw2\4.0.6\4f4cd53b5ff9a2c5aa1211f15ed2569c57dfb044\txw2-4.0.6.jar;C:\Users\vitth\.gradle\caches\modules-2\files-2.1\com.sun.istack\istack-commons-runtime\4.1.2\18ec117c85f3ba0ac65409136afa8e42bc74e739\istack-commons-runtime-4.1.2.jar
Launcher Type: SUN_STANDARD

[Global flags]
     intx CICompilerCount                          = 4                                         {product} {ergonomic}
     uint ConcGCThreads                            = 3                                         {product} {ergonomic}
     uint G1ConcRefinementThreads                  = 10                                        {product} {ergonomic}
   size_t G1HeapRegionSize                         = 1048576                                   {product} {ergonomic}
   size_t InitialHeapSize                          = 130023424                                 {product} {ergonomic}
   size_t MarkStackSize                            = 4194304                                   {product} {ergonomic}
   size_t MarkStackSizeMax                         = 536870912                                 {product} {ergonomic}
   size_t MaxHeapSize                              = 2061500416                                {product} {ergonomic}
   size_t MaxNewSize                               = 1236271104                                {product} {ergonomic}
   size_t MinHeapDeltaBytes                        = 1048576                                   {product} {ergonomic}
   size_t MinHeapSize                              = 8388608                                   {product} {ergonomic}
    uintx NonNMethodCodeHeapSize                   = 5832704                                {pd product} {ergonomic}
    uintx NonProfiledCodeHeapSize                  = 122945536                              {pd product} {ergonomic}
    uintx ProfiledCodeHeapSize                     = 122880000                              {pd product} {ergonomic}
    uintx ReservedCodeCacheSize                    = 251658240                              {pd product} {ergonomic}
     bool SegmentedCodeCache                       = true                                      {product} {ergonomic}
   size_t SoftMaxHeapSize                          = 2061500416                             {manageable} {ergonomic}
     bool UseCompressedOops                        = true                           {product lp64_product} {ergonomic}
     bool UseG1GC                                  = true                                      {product} {ergonomic}
     bool UseLargePagesIndividualAllocation        = false                                  {pd product} {ergonomic}

Logging:
Log output configuration:
 #0: stdout all=warning uptime,level,tags foldmultilines=false
 #1: stderr all=off uptime,level,tags foldmultilines=false

Release file:
IMPLEMENTOR="Oracle Corporation" 
JAVA_RUNTIME_VERSION="25.0.1+8-LTS-27" 
JAVA_VERSION="25.0.1" 
JAVA_VERSION_DATE="2025-10-21" 
LIBC="default" 
MODULES="java.base java.compiler java.datatransfer java.xml java.prefs java.desktop java.instrument java.logging java.management java.security.sasl java.naming java.rmi java.management.rmi java.net.http java.scripting java.security.jgss java.transaction.xa java.sql java.sql.rowset java.xml.crypto java.se java.smartcardio jdk.accessibility jdk.internal.jvmstat jdk.attach jdk.charsets jdk.internal.opt jdk.zipfs jdk.compiler jdk.crypto.cryptoki jdk.crypto.ec jdk.crypto.mscapi jdk.dynalink jdk.internal.ed jdk.editpad jdk.internal.vm.ci jdk.graal.compiler jdk.graal.compiler.management jdk.hotspot.agent jdk.httpserver jdk.incubator.vector jdk.internal.le jdk.internal.md jdk.jartool jdk.javadoc jdk.jcmd jdk.management jdk.management.agent jdk.jconsole jdk.jdeps jdk.jdwp.agent jdk.jdi jdk.jfr jdk.jlink jdk.jpackage jdk.jshell jdk.jsobject jdk.jstatd jdk.localedata jdk.management.jfr jdk.naming.dns jdk.naming.rmi jdk.net jdk.nio.mapmode jdk.sctp jdk.security.auth jdk.security.jgss jdk.unsupported jdk.unsupported.desktop jdk.xml.dom" 
OS_ARCH="x86_64" 
OS_NAME="Windows" 
SOURCE=".:git:862c85bc42b7 open:git:78770bfaefd2" 

Environment Variables:
JAVA_HOME=C:\Program Files\Java\jdk17.0.17_10
PATH=C:\Program Files\Java\jdk17.0.17_10\bin;C:\Program Files\Common Files\Oracle\Java\javapath;C:\WINDOWS\system32;C:\WINDOWS;C:\WINDOWS\System32\Wbem;C:\WINDOWS\System32\WindowsPowerShell\v1.0\;C:\WINDOWS\System32\OpenSSH\;C:\MinGW\bin;C:\Program Files\HP\HP One Agent;C:\Program Files\Git\cmd;C:\WINDOWS\system32;C:\WINDOWS;C:\WINDOWS\System32\Wbem;C:\WINDOWS\System32\WindowsPowerShell\v1.0\;C:\WINDOWS\System32\OpenSSH\;C:\Users\vitth\AppData\Local\Packages\PythonSoftwareFoundation.Python.3.13_qbz5n2kfra8p0\LocalCache\local-packages\Python313\Scripts;C:\php-8.4.4;C:\Program Files\dotnet\;C:\Program Files\nodejs\;C:\Program Files\Java\jdk17.0.17_10\bin;C:\gradle-9.2.1\bin;C:\Program Files\Docker\Docker\resources\bin;C:\php;C:\Users\vitth\AppData\Local\Microsoft\WindowsApps;C:\Users\vitth\AppData\Local\Microsoft\WinGet\Packages\Schniz.fnm_Microsoft.Winget.Source_8wekyb3d8bbwe;C:\Users\vitth\AppData\Local\Programs\Microsoft VS Code\bin;C:\Users\vitth\AppData\Roaming\npm
USERNAME=vitth
OS=Windows_NT
PROCESSOR_IDENTIFIER=Intel64 Family 6 Model 154 Stepping 4, GenuineIntel
TMP=C:\Users\vitth\AppData\Local\Temp
TEMP=C:\Users\vitth\AppData\Local\Temp




Compilation memory statistics disabled.

Periodic native trim disabled

---------------  S Y S T E M  ---------------

OS:
 Windows 11 , 64 bit Build 26100 (10.0.26100.7920)
OS uptime: 0 days 5:12 hours
Hyper-V role detected

CPU: total 12 (initial active 12) (6 cores per cpu, 2 threads per core) family 6 model 154 stepping 4 microcode 0x432, cx8, cmov, fxsr, ht, mmx, 3dnowpref, sse, sse2, sse3, ssse3, sse4.1, sse4.2, popcnt, lzcnt, tsc, tscinvbit, avx, avx2, aes, erms, clmul, bmi1, bmi2, adx, sha, fma, vzeroupper, clflush, clflushopt, clwb, hv, serialize, rdtscp, rdpid, fsrm, gfni, f16c, cet_ibt, cet_ss
Processor Information for processor 0
  Max Mhz: 1300, Current Mhz: 1300, Mhz Limit: 1300
Processor Information for processor 1
  Max Mhz: 1300, Current Mhz: 1300, Mhz Limit: 1300
Processor Information for processor 2
  Max Mhz: 1300, Current Mhz: 1300, Mhz Limit: 1300
Processor Information for processor 3
  Max Mhz: 1300, Current Mhz: 1300, Mhz Limit: 1300
Processor Information for processor 4
  Max Mhz: 1300, Current Mhz: 900, Mhz Limit: 897
Processor Information for processor 5
  Max Mhz: 1300, Current Mhz: 900, Mhz Limit: 897
Processor Information for processor 6
  Max Mhz: 1300, Current Mhz: 900, Mhz Limit: 897
Processor Information for processor 7
  Max Mhz: 1300, Current Mhz: 900, Mhz Limit: 897
Processor Information for processor 8
  Max Mhz: 1300, Current Mhz: 900, Mhz Limit: 897
Processor Information for processor 9
  Max Mhz: 1300, Current Mhz: 900, Mhz Limit: 897
Processor Information for processor 10
  Max Mhz: 1300, Current Mhz: 900, Mhz Limit: 897
Processor Information for processor 11
  Max Mhz: 1300, Current Mhz: 900, Mhz Limit: 897

Memory: 4k page, system-wide physical 7863M (560M free)
TotalPageFile size 27208M (AvailPageFile size 0M)
current process WorkingSet (physical memory assigned to process): 63M, peak: 282M
current process commit charge ("private bytes"): 318M, peak: 340M

vm_info: Java HotSpot(TM) 64-Bit Server VM (25.0.1+8-LTS-27) for windows-amd64 JRE (25.0.1+8-LTS-27), built on 2025-09-25T16:41:16Z with unknown MS VC++:1943

END.
